<?xml version="1.0" encoding="UTF-8"?>
<coverage generated="1761531922157" clover="3.2.0">
  <project timestamp="1761531922157" name="All files">
    <metrics statements="31" coveredstatements="25" conditionals="0" coveredconditionals="0" methods="5" coveredmethods="5" elements="36" coveredelements="30" complexity="0" loc="31" ncloc="31" packages="1" files="1" classes="1"/>
    <file name="payment.js" path="C:\Users\admin\Desktop\CNPM_FoodFastDelivery\backend\Controllers\payment.js">
      <metrics statements="31" coveredstatements="25" conditionals="0" coveredconditionals="0" methods="5" coveredmethods="5"/>
      <line num="5" count="1" type="stmt"/>
      <line num="7" count="1" type="stmt"/>
      <line num="13" count="1" type="stmt"/>
      <line num="14" count="1" type="stmt"/>
      <line num="15" count="1" type="stmt"/>
      <line num="16" count="1" type="stmt"/>
      <line num="18" count="2" type="stmt"/>
      <line num="19" count="1" type="stmt"/>
      <line num="20" count="1" type="stmt"/>
      <line num="26" count="1" type="stmt"/>
      <line num="28" count="1" type="stmt"/>
      <line num="37" count="0" type="stmt"/>
      <line num="38" count="0" type="stmt"/>
      <line num="43" count="1" type="stmt"/>
      <line num="52" count="1" type="stmt"/>
      <line num="54" count="1" type="stmt"/>
      <line num="65" count="1" type="stmt"/>
      <line num="69" count="1" type="stmt"/>
      <line num="70" count="1" type="stmt"/>
      <line num="71" count="1" type="stmt"/>
      <line num="72" count="1" type="stmt"/>
      <line num="73" count="1" type="stmt"/>
      <line num="74" count="1" type="stmt"/>
      <line num="76" count="0" type="stmt"/>
      <line num="77" count="0" type="stmt"/>
      <line num="82" count="1" type="stmt"/>
      <line num="83" count="1" type="stmt"/>
      <line num="84" count="1" type="stmt"/>
      <line num="85" count="1" type="stmt"/>
      <line num="87" count="0" type="stmt"/>
      <line num="88" count="0" type="stmt"/>
    </file>
  </project>
</coverage>
