{"D:\\DATA VINH\\Desktop\\2025 - 2026\\hoc ki 1\\CNPM\\CNPM_FoodFastDelivery\\backend\\models\\ResModel.js": {"path":"D:\\DATA VINH\\Desktop\\2025 - 2026\\hoc ki 1\\CNPM\\CNPM_FoodFastDelivery\\backend\\models\\ResModel.js","statementMap":{"0":{"start":{"line":3,"column":26},"end":{"line":3,"column":34}},"1":{"start":{"line":5,"column":25},"end":{"line":26,"column":2}},"2":{"start":{"line":28,"column":24},"end":{"line":28,"column":61}}},"fnMap":{},"branchMap":{},"s":{"0":1,"1":1,"2":1},"f":{},"b":{},"_coverageSchema":"1a1c01bbd47fc00a2c39e90264f33305004495a9","hash":"72c0581e65ab80acc9d8e3874653c33d343c5102"}
,"D:\\DATA VINH\\Desktop\\2025 - 2026\\hoc ki 1\\CNPM\\CNPM_FoodFastDelivery\\backend\\models\\UserModel.js": {"path":"D:\\DATA VINH\\Desktop\\2025 - 2026\\hoc ki 1\\CNPM\\CNPM_FoodFastDelivery\\backend\\models\\UserModel.js","statementMap":{"0":{"start":{"line":3,"column":26},"end":{"line":3,"column":34}},"1":{"start":{"line":5,"column":19},"end":{"line":11,"column":2}},"2":{"start":{"line":13,"column":18},"end":{"line":13,"column":43}}},"fnMap":{},"branchMap":{},"s":{"0":2,"1":2,"2":2},"f":{},"b":{},"_coverageSchema":"1a1c01bbd47fc00a2c39e90264f33305004495a9","hash":"91ad74c057fce8cdeffa6bb8064fbbd277ac6380"}
,"D:\\DATA VINH\\Desktop\\2025 - 2026\\hoc ki 1\\CNPM\\CNPM_FoodFastDelivery\\backend\\routes\\ResRoutes.js": {"path":"D:\\DATA VINH\\Desktop\\2025 - 2026\\hoc ki 1\\CNPM\\CNPM_FoodFastDelivery\\backend\\routes\\ResRoutes.js","statementMap":{"0":{"start":{"line":8,"column":15},"end":{"line":8,"column":31}},"1":{"start":{"line":11,"column":0},"end":{"line":40,"column":3}},"2":{"start":{"line":12,"column":103},"end":{"line":12,"column":111}},"3":{"start":{"line":14,"column":2},"end":{"line":39,"column":3}},"4":{"start":{"line":15,"column":15},"end":{"line":15,"column":55}},"5":{"start":{"line":16,"column":4},"end":{"line":18,"column":5}},"6":{"start":{"line":17,"column":6},"end":{"line":17,"column":70}},"7":{"start":{"line":20,"column":27},"end":{"line":20,"column":58}},"8":{"start":{"line":22,"column":4},"end":{"line":32,"column":7}},"9":{"start":{"line":34,"column":4},"end":{"line":34,"column":22}},"10":{"start":{"line":35,"column":4},"end":{"line":35,"column":79}},"11":{"start":{"line":37,"column":4},"end":{"line":37,"column":31}},"12":{"start":{"line":38,"column":4},"end":{"line":38,"column":48}},"13":{"start":{"line":43,"column":0},"end":{"line":65,"column":3}},"14":{"start":{"line":44,"column":30},"end":{"line":44,"column":38}},"15":{"start":{"line":46,"column":2},"end":{"line":64,"column":3}},"16":{"start":{"line":47,"column":17},"end":{"line":47,"column":57}},"17":{"start":{"line":48,"column":4},"end":{"line":50,"column":5}},"18":{"start":{"line":49,"column":6},"end":{"line":49,"column":73}},"19":{"start":{"line":52,"column":26},"end":{"line":52,"column":71}},"20":{"start":{"line":53,"column":4},"end":{"line":55,"column":5}},"21":{"start":{"line":54,"column":6},"end":{"line":54,"column":72}},"22":{"start":{"line":57,"column":18},"end":{"line":57,"column":82}},"23":{"start":{"line":58,"column":4},"end":{"line":58,"column":68}},"24":{"start":{"line":60,"column":4},"end":{"line":60,"column":67}},"25":{"start":{"line":62,"column":4},"end":{"line":62,"column":31}},"26":{"start":{"line":63,"column":4},"end":{"line":63,"column":48}},"27":{"start":{"line":68,"column":0},"end":{"line":118,"column":3}},"28":{"start":{"line":69,"column":20},"end":{"line":69,"column":28}},"29":{"start":{"line":71,"column":2},"end":{"line":117,"column":3}},"30":{"start":{"line":72,"column":17},"end":{"line":72,"column":57}},"31":{"start":{"line":73,"column":4},"end":{"line":75,"column":5}},"32":{"start":{"line":74,"column":6},"end":{"line":74,"column":58}},"33":{"start":{"line":77,"column":24},"end":{"line":83,"column":6}},"34":{"start":{"line":85,"column":18},"end":{"line":85,"column":82}},"35":{"start":{"line":87,"column":24},"end":{"line":103,"column":5}},"36":{"start":{"line":105,"column":4},"end":{"line":113,"column":7}},"37":{"start":{"line":106,"column":6},"end":{"line":112,"column":7}},"38":{"start":{"line":107,"column":8},"end":{"line":107,"column":53}},"39":{"start":{"line":108,"column":8},"end":{"line":108,"column":60}},"40":{"start":{"line":110,"column":8},"end":{"line":110,"column":50}},"41":{"start":{"line":111,"column":8},"end":{"line":111,"column":70}},"42":{"start":{"line":115,"column":4},"end":{"line":115,"column":23}},"43":{"start":{"line":116,"column":4},"end":{"line":116,"column":48}},"44":{"start":{"line":121,"column":0},"end":{"line":137,"column":3}},"45":{"start":{"line":122,"column":20},"end":{"line":122,"column":30}},"46":{"start":{"line":123,"column":23},"end":{"line":123,"column":31}},"47":{"start":{"line":125,"column":2},"end":{"line":136,"column":3}},"48":{"start":{"line":126,"column":20},"end":{"line":126,"column":54}},"49":{"start":{"line":127,"column":15},"end":{"line":127,"column":25}},"50":{"start":{"line":129,"column":27},"end":{"line":129,"column":58}},"51":{"start":{"line":130,"column":4},"end":{"line":130,"column":86}},"52":{"start":{"line":132,"column":4},"end":{"line":132,"column":72}},"53":{"start":{"line":134,"column":4},"end":{"line":134,"column":23}},"54":{"start":{"line":135,"column":4},"end":{"line":135,"column":50}},"55":{"start":{"line":140,"column":28},"end":{"line":162,"column":1}},"56":{"start":{"line":141,"column":2},"end":{"line":161,"column":3}},"57":{"start":{"line":142,"column":18},"end":{"line":142,"column":35}},"58":{"start":{"line":143,"column":4},"end":{"line":145,"column":5}},"59":{"start":{"line":144,"column":6},"end":{"line":144,"column":82}},"60":{"start":{"line":147,"column":24},"end":{"line":147,"column":58}},"61":{"start":{"line":148,"column":24},"end":{"line":148,"column":78}},"62":{"start":{"line":150,"column":4},"end":{"line":152,"column":5}},"63":{"start":{"line":151,"column":6},"end":{"line":151,"column":79}},"64":{"start":{"line":154,"column":4},"end":{"line":154,"column":22}},"65":{"start":{"line":155,"column":4},"end":{"line":155,"column":34}},"66":{"start":{"line":156,"column":4},"end":{"line":156,"column":36}},"67":{"start":{"line":157,"column":4},"end":{"line":157,"column":11}},"68":{"start":{"line":159,"column":4},"end":{"line":159,"column":21}},"69":{"start":{"line":160,"column":4},"end":{"line":160,"column":76}},"70":{"start":{"line":167,"column":0},"end":{"line":170,"column":2}},"71":{"start":{"line":168,"column":2},"end":{"line":168,"column":26}},"72":{"start":{"line":169,"column":2},"end":{"line":169,"column":33}},"73":{"start":{"line":173,"column":0},"end":{"line":175,"column":3}},"74":{"start":{"line":174,"column":2},"end":{"line":174,"column":28}},"75":{"start":{"line":177,"column":0},"end":{"line":179,"column":3}},"76":{"start":{"line":178,"column":2},"end":{"line":178,"column":28}},"77":{"start":{"line":180,"column":0},"end":{"line":195,"column":3}},"78":{"start":{"line":181,"column":2},"end":{"line":194,"column":3}},"79":{"start":{"line":182,"column":31},"end":{"line":182,"column":41}},"80":{"start":{"line":184,"column":6},"end":{"line":186,"column":7}},"81":{"start":{"line":185,"column":10},"end":{"line":185,"column":78}},"82":{"start":{"line":190,"column":6},"end":{"line":190,"column":72}},"83":{"start":{"line":192,"column":6},"end":{"line":192,"column":54}},"84":{"start":{"line":193,"column":6},"end":{"line":193,"column":63}},"85":{"start":{"line":198,"column":0},"end":{"line":211,"column":2}},"86":{"start":{"line":199,"column":2},"end":{"line":210,"column":3}},"87":{"start":{"line":200,"column":24},"end":{"line":200,"column":102}},"88":{"start":{"line":202,"column":4},"end":{"line":204,"column":5}},"89":{"start":{"line":203,"column":6},"end":{"line":203,"column":47}},"90":{"start":{"line":205,"column":4},"end":{"line":205,"column":68}},"91":{"start":{"line":208,"column":4},"end":{"line":208,"column":52}},"92":{"start":{"line":209,"column":6},"end":{"line":209,"column":63}},"93":{"start":{"line":214,"column":0},"end":{"line":236,"column":3}},"94":{"start":{"line":215,"column":2},"end":{"line":235,"column":3}},"95":{"start":{"line":216,"column":31},"end":{"line":216,"column":41}},"96":{"start":{"line":217,"column":23},"end":{"line":217,"column":31}},"97":{"start":{"line":218,"column":6},"end":{"line":220,"column":7}},"98":{"start":{"line":219,"column":10},"end":{"line":219,"column":78}},"99":{"start":{"line":222,"column":25},"end":{"line":222,"column":69}},"100":{"start":{"line":224,"column":6},"end":{"line":226,"column":7}},"101":{"start":{"line":225,"column":10},"end":{"line":225,"column":73}},"102":{"start":{"line":228,"column":6},"end":{"line":228,"column":79}},"103":{"start":{"line":229,"column":6},"end":{"line":229,"column":30}},"104":{"start":{"line":231,"column":6},"end":{"line":231,"column":71}},"105":{"start":{"line":233,"column":6},"end":{"line":233,"column":53}},"106":{"start":{"line":234,"column":6},"end":{"line":234,"column":63}}},"fnMap":{"0":{"name":"(anonymous_0)","decl":{"start":{"line":11,"column":29},"end":{"line":11,"column":30}},"loc":{"start":{"line":11,"column":49},"end":{"line":40,"column":1}},"line":11},"1":{"name":"(anonymous_1)","decl":{"start":{"line":43,"column":25},"end":{"line":43,"column":26}},"loc":{"start":{"line":43,"column":45},"end":{"line":65,"column":1}},"line":43},"2":{"name":"(anonymous_2)","decl":{"start":{"line":68,"column":40},"end":{"line":68,"column":41}},"loc":{"start":{"line":68,"column":60},"end":{"line":118,"column":1}},"line":68},"3":{"name":"(anonymous_3)","decl":{"start":{"line":105,"column":38},"end":{"line":105,"column":39}},"loc":{"start":{"line":105,"column":55},"end":{"line":113,"column":5}},"line":105},"4":{"name":"(anonymous_4)","decl":{"start":{"line":121,"column":40},"end":{"line":121,"column":41}},"loc":{"start":{"line":121,"column":60},"end":{"line":137,"column":1}},"line":121},"5":{"name":"(anonymous_5)","decl":{"start":{"line":140,"column":28},"end":{"line":140,"column":29}},"loc":{"start":{"line":140,"column":54},"end":{"line":162,"column":1}},"line":140},"6":{"name":"(anonymous_6)","decl":{"start":{"line":167,"column":21},"end":{"line":167,"column":22}},"loc":{"start":{"line":167,"column":32},"end":{"line":170,"column":1}},"line":167},"7":{"name":"(anonymous_7)","decl":{"start":{"line":173,"column":59},"end":{"line":173,"column":60}},"loc":{"start":{"line":173,"column":73},"end":{"line":175,"column":1}},"line":173},"8":{"name":"(anonymous_8)","decl":{"start":{"line":177,"column":57},"end":{"line":177,"column":58}},"loc":{"start":{"line":177,"column":71},"end":{"line":179,"column":1}},"line":177},"9":{"name":"(anonymous_9)","decl":{"start":{"line":180,"column":45},"end":{"line":180,"column":46}},"loc":{"start":{"line":180,"column":65},"end":{"line":195,"column":1}},"line":180},"10":{"name":"(anonymous_10)","decl":{"start":{"line":198,"column":44},"end":{"line":198,"column":45}},"loc":{"start":{"line":198,"column":63},"end":{"line":211,"column":1}},"line":198},"11":{"name":"(anonymous_11)","decl":{"start":{"line":214,"column":57},"end":{"line":214,"column":58}},"loc":{"start":{"line":214,"column":77},"end":{"line":236,"column":1}},"line":214}},"branchMap":{"0":{"loc":{"start":{"line":16,"column":4},"end":{"line":18,"column":5}},"type":"if","locations":[{"start":{"line":16,"column":4},"end":{"line":18,"column":5}},{"start":{},"end":{}}],"line":16},"1":{"loc":{"start":{"line":48,"column":4},"end":{"line":50,"column":5}},"type":"if","locations":[{"start":{"line":48,"column":4},"end":{"line":50,"column":5}},{"start":{},"end":{}}],"line":48},"2":{"loc":{"start":{"line":53,"column":4},"end":{"line":55,"column":5}},"type":"if","locations":[{"start":{"line":53,"column":4},"end":{"line":55,"column":5}},{"start":{},"end":{}}],"line":53},"3":{"loc":{"start":{"line":73,"column":4},"end":{"line":75,"column":5}},"type":"if","locations":[{"start":{"line":73,"column":4},"end":{"line":75,"column":5}},{"start":{},"end":{}}],"line":73},"4":{"loc":{"start":{"line":106,"column":6},"end":{"line":112,"column":7}},"type":"if","locations":[{"start":{"line":106,"column":6},"end":{"line":112,"column":7}},{"start":{"line":109,"column":13},"end":{"line":112,"column":7}}],"line":106},"5":{"loc":{"start":{"line":143,"column":4},"end":{"line":145,"column":5}},"type":"if","locations":[{"start":{"line":143,"column":4},"end":{"line":145,"column":5}},{"start":{},"end":{}}],"line":143},"6":{"loc":{"start":{"line":150,"column":4},"end":{"line":152,"column":5}},"type":"if","locations":[{"start":{"line":150,"column":4},"end":{"line":152,"column":5}},{"start":{},"end":{}}],"line":150},"7":{"loc":{"start":{"line":184,"column":6},"end":{"line":186,"column":7}},"type":"if","locations":[{"start":{"line":184,"column":6},"end":{"line":186,"column":7}},{"start":{},"end":{}}],"line":184},"8":{"loc":{"start":{"line":202,"column":4},"end":{"line":204,"column":5}},"type":"if","locations":[{"start":{"line":202,"column":4},"end":{"line":204,"column":5}},{"start":{},"end":{}}],"line":202},"9":{"loc":{"start":{"line":218,"column":6},"end":{"line":220,"column":7}},"type":"if","locations":[{"start":{"line":218,"column":6},"end":{"line":220,"column":7}},{"start":{},"end":{}}],"line":218},"10":{"loc":{"start":{"line":224,"column":6},"end":{"line":226,"column":7}},"type":"if","locations":[{"start":{"line":224,"column":6},"end":{"line":226,"column":7}},{"start":{},"end":{}}],"line":224},"11":{"loc":{"start":{"line":228,"column":6},"end":{"line":228,"column":78}},"type":"cond-expr","locations":[{"start":{"line":228,"column":26},"end":{"line":228,"column":50}},{"start":{"line":228,"column":53},"end":{"line":228,"column":78}}],"line":228}},"s":{"0":1,"1":1,"2":2,"3":2,"4":2,"5":2,"6":1,"7":1,"8":1,"9":1,"10":1,"11":0,"12":0,"13":1,"14":3,"15":3,"16":3,"17":3,"18":1,"19":2,"20":2,"21":1,"22":1,"23":1,"24":1,"25":0,"26":0,"27":1,"28":0,"29":0,"30":0,"31":0,"32":0,"33":0,"34":0,"35":0,"36":0,"37":0,"38":0,"39":0,"40":0,"41":0,"42":0,"43":0,"44":1,"45":0,"46":0,"47":0,"48":0,"49":0,"50":0,"51":0,"52":0,"53":0,"54":0,"55":1,"56":3,"57":3,"58":3,"59":0,"60":3,"61":3,"62":3,"63":1,"64":2,"65":2,"66":2,"67":2,"68":0,"69":0,"70":1,"71":1,"72":1,"73":1,"74":0,"75":1,"76":0,"77":1,"78":0,"79":0,"80":0,"81":0,"82":0,"83":0,"84":0,"85":1,"86":0,"87":0,"88":0,"89":0,"90":0,"91":0,"92":0,"93":1,"94":2,"95":2,"96":2,"97":2,"98":0,"99":2,"100":2,"101":0,"102":2,"103":2,"104":2,"105":0,"106":0},"f":{"0":2,"1":3,"2":0,"3":0,"4":0,"5":3,"6":1,"7":0,"8":0,"9":0,"10":0,"11":2},"b":{"0":[1,1],"1":[1,2],"2":[1,1],"3":[0,0],"4":[0,0],"5":[0,3],"6":[1,2],"7":[0,0],"8":[0,0],"9":[0,2],"10":[0,2],"11":[1,1]},"_coverageSchema":"1a1c01bbd47fc00a2c39e90264f33305004495a9","hash":"5365eb0cbd6f3935d5490605a0f5cdf62d564542"}
,"D:\\DATA VINH\\Desktop\\2025 - 2026\\hoc ki 1\\CNPM\\CNPM_FoodFastDelivery\\backend\\routes\\UserRoutes.js": {"path":"D:\\DATA VINH\\Desktop\\2025 - 2026\\hoc ki 1\\CNPM\\CNPM_FoodFastDelivery\\backend\\routes\\UserRoutes.js","statementMap":{"0":{"start":{"line":8,"column":15},"end":{"line":8,"column":31}},"1":{"start":{"line":11,"column":0},"end":{"line":36,"column":3}},"2":{"start":{"line":12,"column":47},"end":{"line":12,"column":55}},"3":{"start":{"line":14,"column":2},"end":{"line":35,"column":3}},"4":{"start":{"line":15,"column":15},"end":{"line":15,"column":49}},"5":{"start":{"line":16,"column":4},"end":{"line":18,"column":5}},"6":{"start":{"line":17,"column":6},"end":{"line":17,"column":70}},"7":{"start":{"line":20,"column":27},"end":{"line":20,"column":58}},"8":{"start":{"line":22,"column":4},"end":{"line":28,"column":7}},"9":{"start":{"line":30,"column":4},"end":{"line":30,"column":22}},"10":{"start":{"line":31,"column":4},"end":{"line":31,"column":79}},"11":{"start":{"line":33,"column":4},"end":{"line":33,"column":31}},"12":{"start":{"line":34,"column":4},"end":{"line":34,"column":48}},"13":{"start":{"line":39,"column":0},"end":{"line":61,"column":3}},"14":{"start":{"line":40,"column":30},"end":{"line":40,"column":38}},"15":{"start":{"line":41,"column":2},"end":{"line":41,"column":31}},"16":{"start":{"line":42,"column":2},"end":{"line":60,"column":3}},"17":{"start":{"line":43,"column":17},"end":{"line":43,"column":51}},"18":{"start":{"line":44,"column":4},"end":{"line":46,"column":5}},"19":{"start":{"line":45,"column":6},"end":{"line":45,"column":73}},"20":{"start":{"line":48,"column":26},"end":{"line":48,"column":71}},"21":{"start":{"line":49,"column":4},"end":{"line":51,"column":5}},"22":{"start":{"line":50,"column":6},"end":{"line":50,"column":72}},"23":{"start":{"line":53,"column":18},"end":{"line":53,"column":82}},"24":{"start":{"line":54,"column":4},"end":{"line":54,"column":68}},"25":{"start":{"line":56,"column":4},"end":{"line":56,"column":67}},"26":{"start":{"line":58,"column":4},"end":{"line":58,"column":31}},"27":{"start":{"line":59,"column":4},"end":{"line":59,"column":48}},"28":{"start":{"line":64,"column":0},"end":{"line":114,"column":3}},"29":{"start":{"line":65,"column":20},"end":{"line":65,"column":28}},"30":{"start":{"line":67,"column":2},"end":{"line":113,"column":3}},"31":{"start":{"line":68,"column":17},"end":{"line":68,"column":51}},"32":{"start":{"line":69,"column":4},"end":{"line":71,"column":5}},"33":{"start":{"line":70,"column":6},"end":{"line":70,"column":58}},"34":{"start":{"line":73,"column":24},"end":{"line":79,"column":6}},"35":{"start":{"line":81,"column":18},"end":{"line":81,"column":82}},"36":{"start":{"line":83,"column":24},"end":{"line":99,"column":5}},"37":{"start":{"line":101,"column":4},"end":{"line":109,"column":7}},"38":{"start":{"line":102,"column":6},"end":{"line":108,"column":7}},"39":{"start":{"line":103,"column":8},"end":{"line":103,"column":53}},"40":{"start":{"line":104,"column":8},"end":{"line":104,"column":60}},"41":{"start":{"line":106,"column":8},"end":{"line":106,"column":50}},"42":{"start":{"line":107,"column":8},"end":{"line":107,"column":70}},"43":{"start":{"line":111,"column":4},"end":{"line":111,"column":23}},"44":{"start":{"line":112,"column":4},"end":{"line":112,"column":48}},"45":{"start":{"line":117,"column":0},"end":{"line":133,"column":3}},"46":{"start":{"line":118,"column":20},"end":{"line":118,"column":30}},"47":{"start":{"line":119,"column":23},"end":{"line":119,"column":31}},"48":{"start":{"line":121,"column":2},"end":{"line":132,"column":3}},"49":{"start":{"line":122,"column":20},"end":{"line":122,"column":54}},"50":{"start":{"line":123,"column":15},"end":{"line":123,"column":25}},"51":{"start":{"line":125,"column":27},"end":{"line":125,"column":58}},"52":{"start":{"line":126,"column":4},"end":{"line":126,"column":80}},"53":{"start":{"line":128,"column":4},"end":{"line":128,"column":72}},"54":{"start":{"line":130,"column":4},"end":{"line":130,"column":23}},"55":{"start":{"line":131,"column":4},"end":{"line":131,"column":50}},"56":{"start":{"line":136,"column":32},"end":{"line":158,"column":1}},"57":{"start":{"line":137,"column":2},"end":{"line":157,"column":3}},"58":{"start":{"line":138,"column":18},"end":{"line":138,"column":35}},"59":{"start":{"line":139,"column":4},"end":{"line":141,"column":5}},"60":{"start":{"line":140,"column":6},"end":{"line":140,"column":82}},"61":{"start":{"line":143,"column":24},"end":{"line":143,"column":58}},"62":{"start":{"line":144,"column":21},"end":{"line":144,"column":69}},"63":{"start":{"line":146,"column":4},"end":{"line":148,"column":5}},"64":{"start":{"line":147,"column":6},"end":{"line":147,"column":79}},"65":{"start":{"line":150,"column":4},"end":{"line":150,"column":22}},"66":{"start":{"line":151,"column":4},"end":{"line":151,"column":28}},"67":{"start":{"line":152,"column":4},"end":{"line":152,"column":30}},"68":{"start":{"line":153,"column":4},"end":{"line":153,"column":11}},"69":{"start":{"line":155,"column":4},"end":{"line":155,"column":21}},"70":{"start":{"line":156,"column":4},"end":{"line":156,"column":76}},"71":{"start":{"line":160,"column":0},"end":{"line":163,"column":2}},"72":{"start":{"line":161,"column":2},"end":{"line":161,"column":26}},"73":{"start":{"line":162,"column":2},"end":{"line":162,"column":33}},"74":{"start":{"line":166,"column":0},"end":{"line":176,"column":3}},"75":{"start":{"line":167,"column":2},"end":{"line":175,"column":3}},"76":{"start":{"line":168,"column":4},"end":{"line":170,"column":5}},"77":{"start":{"line":169,"column":6},"end":{"line":169,"column":65}},"78":{"start":{"line":171,"column":4},"end":{"line":171,"column":34}},"79":{"start":{"line":173,"column":4},"end":{"line":173,"column":23}},"80":{"start":{"line":174,"column":4},"end":{"line":174,"column":61}},"81":{"start":{"line":179,"column":0},"end":{"line":201,"column":3}},"82":{"start":{"line":180,"column":2},"end":{"line":180,"column":28}},"83":{"start":{"line":182,"column":2},"end":{"line":200,"column":3}},"84":{"start":{"line":183,"column":17},"end":{"line":183,"column":29}},"85":{"start":{"line":185,"column":23},"end":{"line":185,"column":92}},"86":{"start":{"line":186,"column":4},"end":{"line":186,"column":86}},"87":{"start":{"line":186,"column":21},"end":{"line":186,"column":86}},"88":{"start":{"line":188,"column":25},"end":{"line":194,"column":5}},"89":{"start":{"line":196,"column":4},"end":{"line":196,"column":27}},"90":{"start":{"line":198,"column":4},"end":{"line":198,"column":23}},"91":{"start":{"line":199,"column":4},"end":{"line":199,"column":41}}},"fnMap":{"0":{"name":"(anonymous_0)","decl":{"start":{"line":11,"column":30},"end":{"line":11,"column":31}},"loc":{"start":{"line":11,"column":50},"end":{"line":36,"column":1}},"line":11},"1":{"name":"(anonymous_1)","decl":{"start":{"line":39,"column":26},"end":{"line":39,"column":27}},"loc":{"start":{"line":39,"column":46},"end":{"line":61,"column":1}},"line":39},"2":{"name":"(anonymous_2)","decl":{"start":{"line":64,"column":41},"end":{"line":64,"column":42}},"loc":{"start":{"line":64,"column":61},"end":{"line":114,"column":1}},"line":64},"3":{"name":"(anonymous_3)","decl":{"start":{"line":101,"column":38},"end":{"line":101,"column":39}},"loc":{"start":{"line":101,"column":55},"end":{"line":109,"column":5}},"line":101},"4":{"name":"(anonymous_4)","decl":{"start":{"line":117,"column":41},"end":{"line":117,"column":42}},"loc":{"start":{"line":117,"column":61},"end":{"line":133,"column":1}},"line":117},"5":{"name":"(anonymous_5)","decl":{"start":{"line":136,"column":32},"end":{"line":136,"column":33}},"loc":{"start":{"line":136,"column":58},"end":{"line":158,"column":1}},"line":136},"6":{"name":"(anonymous_6)","decl":{"start":{"line":160,"column":25},"end":{"line":160,"column":26}},"loc":{"start":{"line":160,"column":36},"end":{"line":163,"column":1}},"line":160},"7":{"name":"(anonymous_7)","decl":{"start":{"line":166,"column":49},"end":{"line":166,"column":50}},"loc":{"start":{"line":166,"column":69},"end":{"line":176,"column":1}},"line":166},"8":{"name":"(anonymous_8)","decl":{"start":{"line":179,"column":23},"end":{"line":179,"column":24}},"loc":{"start":{"line":179,"column":43},"end":{"line":201,"column":1}},"line":179}},"branchMap":{"0":{"loc":{"start":{"line":16,"column":4},"end":{"line":18,"column":5}},"type":"if","locations":[{"start":{"line":16,"column":4},"end":{"line":18,"column":5}},{"start":{},"end":{}}],"line":16},"1":{"loc":{"start":{"line":44,"column":4},"end":{"line":46,"column":5}},"type":"if","locations":[{"start":{"line":44,"column":4},"end":{"line":46,"column":5}},{"start":{},"end":{}}],"line":44},"2":{"loc":{"start":{"line":49,"column":4},"end":{"line":51,"column":5}},"type":"if","locations":[{"start":{"line":49,"column":4},"end":{"line":51,"column":5}},{"start":{},"end":{}}],"line":49},"3":{"loc":{"start":{"line":69,"column":4},"end":{"line":71,"column":5}},"type":"if","locations":[{"start":{"line":69,"column":4},"end":{"line":71,"column":5}},{"start":{},"end":{}}],"line":69},"4":{"loc":{"start":{"line":102,"column":6},"end":{"line":108,"column":7}},"type":"if","locations":[{"start":{"line":102,"column":6},"end":{"line":108,"column":7}},{"start":{"line":105,"column":13},"end":{"line":108,"column":7}}],"line":102},"5":{"loc":{"start":{"line":139,"column":4},"end":{"line":141,"column":5}},"type":"if","locations":[{"start":{"line":139,"column":4},"end":{"line":141,"column":5}},{"start":{},"end":{}}],"line":139},"6":{"loc":{"start":{"line":146,"column":4},"end":{"line":148,"column":5}},"type":"if","locations":[{"start":{"line":146,"column":4},"end":{"line":148,"column":5}},{"start":{},"end":{}}],"line":146},"7":{"loc":{"start":{"line":168,"column":4},"end":{"line":170,"column":5}},"type":"if","locations":[{"start":{"line":168,"column":4},"end":{"line":170,"column":5}},{"start":{},"end":{}}],"line":168},"8":{"loc":{"start":{"line":186,"column":4},"end":{"line":186,"column":86}},"type":"if","locations":[{"start":{"line":186,"column":4},"end":{"line":186,"column":86}},{"start":{},"end":{}}],"line":186}},"s":{"0":1,"1":1,"2":0,"3":0,"4":0,"5":0,"6":0,"7":0,"8":0,"9":0,"10":0,"11":0,"12":0,"13":1,"14":0,"15":0,"16":0,"17":0,"18":0,"19":0,"20":0,"21":0,"22":0,"23":0,"24":0,"25":0,"26":0,"27":0,"28":1,"29":0,"30":0,"31":0,"32":0,"33":0,"34":0,"35":0,"36":0,"37":0,"38":0,"39":0,"40":0,"41":0,"42":0,"43":0,"44":0,"45":1,"46":0,"47":0,"48":0,"49":0,"50":0,"51":0,"52":0,"53":0,"54":0,"55":0,"56":1,"57":0,"58":0,"59":0,"60":0,"61":0,"62":0,"63":0,"64":0,"65":0,"66":0,"67":0,"68":0,"69":0,"70":0,"71":1,"72":0,"73":0,"74":1,"75":0,"76":0,"77":0,"78":0,"79":0,"80":0,"81":1,"82":0,"83":0,"84":0,"85":0,"86":0,"87":0,"88":0,"89":0,"90":0,"91":0},"f":{"0":0,"1":0,"2":0,"3":0,"4":0,"5":0,"6":0,"7":0,"8":0},"b":{"0":[0,0],"1":[0,0],"2":[0,0],"3":[0,0],"4":[0,0],"5":[0,0],"6":[0,0],"7":[0,0],"8":[0,0]},"_coverageSchema":"1a1c01bbd47fc00a2c39e90264f33305004495a9","hash":"509cf18b7ce113d94788b959aa2bbb919095534d"}
}
