{"D:\\DATA VINH\\Desktop\\2025 - 2026\\hoc ki 1\\CNPM\\CNPM_FoodFastDelivery\\backend\\models\\DelAddressModel.js": {"path":"D:\\DATA VINH\\Desktop\\2025 - 2026\\hoc ki 1\\CNPM\\CNPM_FoodFastDelivery\\backend\\models\\DelAddressModel.js","statementMap":{"0":{"start":{"line":3,"column":26},"end":{"line":3,"column":34}},"1":{"start":{"line":5,"column":22},"end":{"line":24,"column":2}},"2":{"start":{"line":26,"column":29},"end":{"line":26,"column":68}}},"fnMap":{},"branchMap":{},"s":{"0":1,"1":1,"2":1},"f":{},"b":{},"_coverageSchema":"1a1c01bbd47fc00a2c39e90264f33305004495a9","hash":"f9a5cca10cafaa11891e9aa332d4161ad30526f3"}
,"D:\\DATA VINH\\Desktop\\2025 - 2026\\hoc ki 1\\CNPM\\CNPM_FoodFastDelivery\\backend\\models\\DelModel.js": {"path":"D:\\DATA VINH\\Desktop\\2025 - 2026\\hoc ki 1\\CNPM\\CNPM_FoodFastDelivery\\backend\\models\\DelModel.js","statementMap":{"0":{"start":{"line":2,"column":26},"end":{"line":2,"column":34}},"1":{"start":{"line":4,"column":23},"end":{"line":14,"column":2}},"2":{"start":{"line":16,"column":22},"end":{"line":16,"column":55}}},"fnMap":{},"branchMap":{},"s":{"0":1,"1":1,"2":1},"f":{},"b":{},"_coverageSchema":"1a1c01bbd47fc00a2c39e90264f33305004495a9","hash":"3a09f2ce4c4d9fcb5ed5cd26ea6c89801993ad47"}
,"D:\\DATA VINH\\Desktop\\2025 - 2026\\hoc ki 1\\CNPM\\CNPM_FoodFastDelivery\\backend\\models\\DroneModel.js": {"path":"D:\\DATA VINH\\Desktop\\2025 - 2026\\hoc ki 1\\CNPM\\CNPM_FoodFastDelivery\\backend\\models\\DroneModel.js","statementMap":{"0":{"start":{"line":4,"column":20},"end":{"line":43,"column":2}},"1":{"start":{"line":45,"column":19},"end":{"line":45,"column":55}}},"fnMap":{},"branchMap":{},"s":{"0":1,"1":1},"f":{},"b":{},"_coverageSchema":"1a1c01bbd47fc00a2c39e90264f33305004495a9","hash":"38be8dc9df197f8c3752a06cf9efacefe29d3196"}
,"D:\\DATA VINH\\Desktop\\2025 - 2026\\hoc ki 1\\CNPM\\CNPM_FoodFastDelivery\\backend\\models\\OrderModel.js": {"path":"D:\\DATA VINH\\Desktop\\2025 - 2026\\hoc ki 1\\CNPM\\CNPM_FoodFastDelivery\\backend\\models\\OrderModel.js","statementMap":{"0":{"start":{"line":3,"column":26},"end":{"line":3,"column":34}},"1":{"start":{"line":5,"column":20},"end":{"line":63,"column":2}},"2":{"start":{"line":65,"column":19},"end":{"line":65,"column":46}}},"fnMap":{},"branchMap":{},"s":{"0":1,"1":1,"2":1},"f":{},"b":{},"_coverageSchema":"1a1c01bbd47fc00a2c39e90264f33305004495a9","hash":"d110c85790b7aebe5ce5d6dae15866f08076ed81"}
,"D:\\DATA VINH\\Desktop\\2025 - 2026\\hoc ki 1\\CNPM\\CNPM_FoodFastDelivery\\backend\\models\\PaymentModel.js": {"path":"D:\\DATA VINH\\Desktop\\2025 - 2026\\hoc ki 1\\CNPM\\CNPM_FoodFastDelivery\\backend\\models\\PaymentModel.js","statementMap":{"0":{"start":{"line":3,"column":22},"end":{"line":6,"column":17}},"1":{"start":{"line":8,"column":23},"end":{"line":8,"column":62}}},"fnMap":{},"branchMap":{},"s":{"0":1,"1":1},"f":{},"b":{},"_coverageSchema":"1a1c01bbd47fc00a2c39e90264f33305004495a9","hash":"460ee0f40677d524b857873bae94a8c865f95295"}
,"D:\\DATA VINH\\Desktop\\2025 - 2026\\hoc ki 1\\CNPM\\CNPM_FoodFastDelivery\\backend\\models\\ResModel.js": {"path":"D:\\DATA VINH\\Desktop\\2025 - 2026\\hoc ki 1\\CNPM\\CNPM_FoodFastDelivery\\backend\\models\\ResModel.js","statementMap":{"0":{"start":{"line":3,"column":26},"end":{"line":3,"column":34}},"1":{"start":{"line":5,"column":25},"end":{"line":26,"column":2}},"2":{"start":{"line":28,"column":24},"end":{"line":28,"column":61}}},"fnMap":{},"branchMap":{},"s":{"0":1,"1":1,"2":1},"f":{},"b":{},"_coverageSchema":"1a1c01bbd47fc00a2c39e90264f33305004495a9","hash":"72c0581e65ab80acc9d8e3874653c33d343c5102"}
,"D:\\DATA VINH\\Desktop\\2025 - 2026\\hoc ki 1\\CNPM\\CNPM_FoodFastDelivery\\backend\\models\\UserModel.js": {"path":"D:\\DATA VINH\\Desktop\\2025 - 2026\\hoc ki 1\\CNPM\\CNPM_FoodFastDelivery\\backend\\models\\UserModel.js","statementMap":{"0":{"start":{"line":3,"column":26},"end":{"line":3,"column":34}},"1":{"start":{"line":5,"column":19},"end":{"line":11,"column":2}},"2":{"start":{"line":13,"column":18},"end":{"line":13,"column":43}}},"fnMap":{},"branchMap":{},"s":{"0":1,"1":1,"2":1},"f":{},"b":{},"_coverageSchema":"1a1c01bbd47fc00a2c39e90264f33305004495a9","hash":"91ad74c057fce8cdeffa6bb8064fbbd277ac6380"}
,"D:\\DATA VINH\\Desktop\\2025 - 2026\\hoc ki 1\\CNPM\\CNPM_FoodFastDelivery\\backend\\routes\\DelRoutes.js": {"path":"D:\\DATA VINH\\Desktop\\2025 - 2026\\hoc ki 1\\CNPM\\CNPM_FoodFastDelivery\\backend\\routes\\DelRoutes.js","statementMap":{"0":{"start":{"line":7,"column":15},"end":{"line":7,"column":31}},"1":{"start":{"line":9,"column":0},"end":{"line":9,"column":16}},"2":{"start":{"line":12,"column":0},"end":{"line":42,"column":3}},"3":{"start":{"line":14,"column":47},"end":{"line":14,"column":55}},"4":{"start":{"line":16,"column":2},"end":{"line":41,"column":3}},"5":{"start":{"line":17,"column":15},"end":{"line":17,"column":53}},"6":{"start":{"line":18,"column":4},"end":{"line":20,"column":5}},"7":{"start":{"line":19,"column":6},"end":{"line":19,"column":70}},"8":{"start":{"line":22,"column":27},"end":{"line":22,"column":58}},"9":{"start":{"line":24,"column":4},"end":{"line":34,"column":7}},"10":{"start":{"line":36,"column":4},"end":{"line":36,"column":22}},"11":{"start":{"line":37,"column":4},"end":{"line":37,"column":79}},"12":{"start":{"line":39,"column":4},"end":{"line":39,"column":31}},"13":{"start":{"line":40,"column":4},"end":{"line":40,"column":48}},"14":{"start":{"line":45,"column":0},"end":{"line":73,"column":3}},"15":{"start":{"line":46,"column":30},"end":{"line":46,"column":38}},"16":{"start":{"line":48,"column":2},"end":{"line":72,"column":3}},"17":{"start":{"line":49,"column":17},"end":{"line":49,"column":55}},"18":{"start":{"line":50,"column":4},"end":{"line":52,"column":5}},"19":{"start":{"line":51,"column":6},"end":{"line":51,"column":73}},"20":{"start":{"line":54,"column":26},"end":{"line":54,"column":71}},"21":{"start":{"line":55,"column":4},"end":{"line":57,"column":5}},"22":{"start":{"line":56,"column":6},"end":{"line":56,"column":72}},"23":{"start":{"line":59,"column":18},"end":{"line":59,"column":82}},"24":{"start":{"line":60,"column":4},"end":{"line":66,"column":7}},"25":{"start":{"line":68,"column":4},"end":{"line":68,"column":67}},"26":{"start":{"line":70,"column":4},"end":{"line":70,"column":31}},"27":{"start":{"line":71,"column":4},"end":{"line":71,"column":48}},"28":{"start":{"line":77,"column":0},"end":{"line":128,"column":3}},"29":{"start":{"line":78,"column":20},"end":{"line":78,"column":28}},"30":{"start":{"line":80,"column":2},"end":{"line":127,"column":3}},"31":{"start":{"line":81,"column":17},"end":{"line":81,"column":55}},"32":{"start":{"line":82,"column":4},"end":{"line":84,"column":5}},"33":{"start":{"line":83,"column":6},"end":{"line":83,"column":58}},"34":{"start":{"line":86,"column":24},"end":{"line":92,"column":6}},"35":{"start":{"line":94,"column":18},"end":{"line":94,"column":82}},"36":{"start":{"line":96,"column":24},"end":{"line":113,"column":5}},"37":{"start":{"line":115,"column":4},"end":{"line":123,"column":7}},"38":{"start":{"line":116,"column":6},"end":{"line":122,"column":7}},"39":{"start":{"line":117,"column":8},"end":{"line":117,"column":53}},"40":{"start":{"line":118,"column":8},"end":{"line":118,"column":60}},"41":{"start":{"line":120,"column":8},"end":{"line":120,"column":50}},"42":{"start":{"line":121,"column":8},"end":{"line":121,"column":70}},"43":{"start":{"line":125,"column":4},"end":{"line":125,"column":23}},"44":{"start":{"line":126,"column":4},"end":{"line":126,"column":48}},"45":{"start":{"line":131,"column":0},"end":{"line":147,"column":3}},"46":{"start":{"line":132,"column":20},"end":{"line":132,"column":30}},"47":{"start":{"line":133,"column":23},"end":{"line":133,"column":31}},"48":{"start":{"line":135,"column":2},"end":{"line":146,"column":3}},"49":{"start":{"line":136,"column":20},"end":{"line":136,"column":54}},"50":{"start":{"line":137,"column":15},"end":{"line":137,"column":25}},"51":{"start":{"line":139,"column":27},"end":{"line":139,"column":58}},"52":{"start":{"line":140,"column":4},"end":{"line":140,"column":84}},"53":{"start":{"line":142,"column":4},"end":{"line":142,"column":72}},"54":{"start":{"line":144,"column":4},"end":{"line":144,"column":23}},"55":{"start":{"line":145,"column":4},"end":{"line":145,"column":50}},"56":{"start":{"line":150,"column":31},"end":{"line":172,"column":1}},"57":{"start":{"line":151,"column":2},"end":{"line":171,"column":3}},"58":{"start":{"line":152,"column":18},"end":{"line":152,"column":35}},"59":{"start":{"line":153,"column":4},"end":{"line":155,"column":5}},"60":{"start":{"line":154,"column":6},"end":{"line":154,"column":82}},"61":{"start":{"line":157,"column":24},"end":{"line":157,"column":58}},"62":{"start":{"line":158,"column":20},"end":{"line":158,"column":72}},"63":{"start":{"line":160,"column":4},"end":{"line":162,"column":5}},"64":{"start":{"line":161,"column":6},"end":{"line":161,"column":79}},"65":{"start":{"line":164,"column":4},"end":{"line":164,"column":22}},"66":{"start":{"line":165,"column":4},"end":{"line":165,"column":26}},"67":{"start":{"line":166,"column":4},"end":{"line":166,"column":28}},"68":{"start":{"line":167,"column":4},"end":{"line":167,"column":11}},"69":{"start":{"line":169,"column":4},"end":{"line":169,"column":21}},"70":{"start":{"line":170,"column":4},"end":{"line":170,"column":76}},"71":{"start":{"line":175,"column":0},"end":{"line":182,"column":3}},"72":{"start":{"line":176,"column":2},"end":{"line":180,"column":5}},"73":{"start":{"line":181,"column":2},"end":{"line":181,"column":36}},"74":{"start":{"line":185,"column":0},"end":{"line":195,"column":3}},"75":{"start":{"line":186,"column":2},"end":{"line":194,"column":3}},"76":{"start":{"line":187,"column":4},"end":{"line":189,"column":5}},"77":{"start":{"line":188,"column":6},"end":{"line":188,"column":65}},"78":{"start":{"line":190,"column":4},"end":{"line":190,"column":33}},"79":{"start":{"line":192,"column":4},"end":{"line":192,"column":23}},"80":{"start":{"line":193,"column":4},"end":{"line":193,"column":61}},"81":{"start":{"line":197,"column":0},"end":{"line":207,"column":3}},"82":{"start":{"line":198,"column":2},"end":{"line":206,"column":3}},"83":{"start":{"line":199,"column":4},"end":{"line":201,"column":5}},"84":{"start":{"line":200,"column":6},"end":{"line":200,"column":65}},"85":{"start":{"line":202,"column":4},"end":{"line":202,"column":33}},"86":{"start":{"line":204,"column":4},"end":{"line":204,"column":23}},"87":{"start":{"line":205,"column":4},"end":{"line":205,"column":61}}},"fnMap":{"0":{"name":"(anonymous_0)","decl":{"start":{"line":12,"column":34},"end":{"line":12,"column":35}},"loc":{"start":{"line":12,"column":54},"end":{"line":42,"column":1}},"line":12},"1":{"name":"(anonymous_1)","decl":{"start":{"line":45,"column":25},"end":{"line":45,"column":26}},"loc":{"start":{"line":45,"column":45},"end":{"line":73,"column":1}},"line":45},"2":{"name":"(anonymous_2)","decl":{"start":{"line":77,"column":40},"end":{"line":77,"column":41}},"loc":{"start":{"line":77,"column":60},"end":{"line":128,"column":1}},"line":77},"3":{"name":"(anonymous_3)","decl":{"start":{"line":115,"column":38},"end":{"line":115,"column":39}},"loc":{"start":{"line":115,"column":55},"end":{"line":123,"column":5}},"line":115},"4":{"name":"(anonymous_4)","decl":{"start":{"line":131,"column":40},"end":{"line":131,"column":41}},"loc":{"start":{"line":131,"column":60},"end":{"line":147,"column":1}},"line":131},"5":{"name":"(anonymous_5)","decl":{"start":{"line":150,"column":31},"end":{"line":150,"column":32}},"loc":{"start":{"line":150,"column":57},"end":{"line":172,"column":1}},"line":150},"6":{"name":"(anonymous_6)","decl":{"start":{"line":175,"column":24},"end":{"line":175,"column":25}},"loc":{"start":{"line":175,"column":35},"end":{"line":182,"column":1}},"line":175},"7":{"name":"(anonymous_7)","decl":{"start":{"line":185,"column":55},"end":{"line":185,"column":56}},"loc":{"start":{"line":185,"column":75},"end":{"line":195,"column":1}},"line":185},"8":{"name":"(anonymous_8)","decl":{"start":{"line":197,"column":53},"end":{"line":197,"column":54}},"loc":{"start":{"line":197,"column":73},"end":{"line":207,"column":1}},"line":197}},"branchMap":{"0":{"loc":{"start":{"line":18,"column":4},"end":{"line":20,"column":5}},"type":"if","locations":[{"start":{"line":18,"column":4},"end":{"line":20,"column":5}},{"start":{},"end":{}}],"line":18},"1":{"loc":{"start":{"line":50,"column":4},"end":{"line":52,"column":5}},"type":"if","locations":[{"start":{"line":50,"column":4},"end":{"line":52,"column":5}},{"start":{},"end":{}}],"line":50},"2":{"loc":{"start":{"line":55,"column":4},"end":{"line":57,"column":5}},"type":"if","locations":[{"start":{"line":55,"column":4},"end":{"line":57,"column":5}},{"start":{},"end":{}}],"line":55},"3":{"loc":{"start":{"line":64,"column":16},"end":{"line":64,"column":86}},"type":"cond-expr","locations":[{"start":{"line":64,"column":72},"end":{"line":64,"column":78}},{"start":{"line":64,"column":81},"end":{"line":64,"column":86}}],"line":64},"4":{"loc":{"start":{"line":65,"column":14},"end":{"line":65,"column":93}},"type":"cond-expr","locations":[{"start":{"line":65,"column":70},"end":{"line":65,"column":79}},{"start":{"line":65,"column":82},"end":{"line":65,"column":93}}],"line":65},"5":{"loc":{"start":{"line":82,"column":4},"end":{"line":84,"column":5}},"type":"if","locations":[{"start":{"line":82,"column":4},"end":{"line":84,"column":5}},{"start":{},"end":{}}],"line":82},"6":{"loc":{"start":{"line":116,"column":6},"end":{"line":122,"column":7}},"type":"if","locations":[{"start":{"line":116,"column":6},"end":{"line":122,"column":7}},{"start":{"line":119,"column":13},"end":{"line":122,"column":7}}],"line":116},"7":{"loc":{"start":{"line":153,"column":4},"end":{"line":155,"column":5}},"type":"if","locations":[{"start":{"line":153,"column":4},"end":{"line":155,"column":5}},{"start":{},"end":{}}],"line":153},"8":{"loc":{"start":{"line":160,"column":4},"end":{"line":162,"column":5}},"type":"if","locations":[{"start":{"line":160,"column":4},"end":{"line":162,"column":5}},{"start":{},"end":{}}],"line":160},"9":{"loc":{"start":{"line":179,"column":14},"end":{"line":179,"column":84}},"type":"cond-expr","locations":[{"start":{"line":179,"column":70},"end":{"line":179,"column":76}},{"start":{"line":179,"column":79},"end":{"line":179,"column":84}}],"line":179},"10":{"loc":{"start":{"line":187,"column":4},"end":{"line":189,"column":5}},"type":"if","locations":[{"start":{"line":187,"column":4},"end":{"line":189,"column":5}},{"start":{},"end":{}}],"line":187},"11":{"loc":{"start":{"line":199,"column":4},"end":{"line":201,"column":5}},"type":"if","locations":[{"start":{"line":199,"column":4},"end":{"line":201,"column":5}},{"start":{},"end":{}}],"line":199}},"s":{"0":1,"1":1,"2":1,"3":0,"4":0,"5":0,"6":0,"7":0,"8":0,"9":0,"10":0,"11":0,"12":0,"13":0,"14":1,"15":0,"16":0,"17":0,"18":0,"19":0,"20":0,"21":0,"22":0,"23":0,"24":0,"25":0,"26":0,"27":0,"28":1,"29":0,"30":0,"31":0,"32":0,"33":0,"34":0,"35":0,"36":0,"37":0,"38":0,"39":0,"40":0,"41":0,"42":0,"43":0,"44":0,"45":1,"46":0,"47":0,"48":0,"49":0,"50":0,"51":0,"52":0,"53":0,"54":0,"55":0,"56":1,"57":13,"58":13,"59":13,"60":1,"61":12,"62":12,"63":12,"64":0,"65":12,"66":12,"67":12,"68":12,"69":0,"70":0,"71":1,"72":0,"73":0,"74":1,"75":0,"76":0,"77":0,"78":0,"79":0,"80":0,"81":1,"82":0,"83":0,"84":0,"85":0,"86":0,"87":0},"f":{"0":0,"1":0,"2":0,"3":0,"4":0,"5":13,"6":0,"7":0,"8":0},"b":{"0":[0,0],"1":[0,0],"2":[0,0],"3":[0,0],"4":[0,0],"5":[0,0],"6":[0,0],"7":[1,12],"8":[0,12],"9":[0,0],"10":[0,0],"11":[0,0]},"_coverageSchema":"1a1c01bbd47fc00a2c39e90264f33305004495a9","hash":"10df43ff22889aa4aed44686a122261e5d36d61f"}
,"D:\\DATA VINH\\Desktop\\2025 - 2026\\hoc ki 1\\CNPM\\CNPM_FoodFastDelivery\\backend\\routes\\OrderRoutes.js": {"path":"D:\\DATA VINH\\Desktop\\2025 - 2026\\hoc ki 1\\CNPM\\CNPM_FoodFastDelivery\\backend\\routes\\OrderRoutes.js","statementMap":{"0":{"start":{"line":7,"column":15},"end":{"line":7,"column":31}},"1":{"start":{"line":10,"column":0},"end":{"line":36,"column":3}},"2":{"start":{"line":12,"column":4},"end":{"line":35,"column":5}},"3":{"start":{"line":13,"column":84},"end":{"line":13,"column":92}},"4":{"start":{"line":14,"column":8},"end":{"line":14,"column":38}},"5":{"start":{"line":15,"column":22},"end":{"line":22,"column":10}},"6":{"start":{"line":24,"column":25},"end":{"line":24,"column":43}},"7":{"start":{"line":25,"column":8},"end":{"line":25,"column":30}},"8":{"start":{"line":26,"column":8},"end":{"line":31,"column":9}},"9":{"start":{"line":27,"column":12},"end":{"line":27,"column":43}},"10":{"start":{"line":30,"column":12},"end":{"line":30,"column":66}},"11":{"start":{"line":33,"column":8},"end":{"line":33,"column":27}},"12":{"start":{"line":34,"column":8},"end":{"line":34,"column":65}},"13":{"start":{"line":40,"column":0},"end":{"line":54,"column":3}},"14":{"start":{"line":41,"column":4},"end":{"line":53,"column":5}},"15":{"start":{"line":42,"column":22},"end":{"line":42,"column":62}},"16":{"start":{"line":43,"column":32},"end":{"line":43,"column":40}},"17":{"start":{"line":44,"column":8},"end":{"line":50,"column":9}},"18":{"start":{"line":45,"column":12},"end":{"line":45,"column":44}},"19":{"start":{"line":46,"column":33},"end":{"line":46,"column":51}},"20":{"start":{"line":47,"column":12},"end":{"line":47,"column":47}},"21":{"start":{"line":49,"column":12},"end":{"line":49,"column":63}},"22":{"start":{"line":52,"column":8},"end":{"line":52,"column":65}},"23":{"start":{"line":74,"column":0},"end":{"line":100,"column":3}},"24":{"start":{"line":75,"column":4},"end":{"line":99,"column":5}},"25":{"start":{"line":76,"column":22},"end":{"line":76,"column":62}},"26":{"start":{"line":77,"column":32},"end":{"line":77,"column":40}},"27":{"start":{"line":78,"column":8},"end":{"line":96,"column":9}},"28":{"start":{"line":79,"column":12},"end":{"line":79,"column":44}},"29":{"start":{"line":80,"column":33},"end":{"line":80,"column":51}},"30":{"start":{"line":83,"column":12},"end":{"line":90,"column":13}},"31":{"start":{"line":84,"column":35},"end":{"line":84,"column":84}},"32":{"start":{"line":85,"column":30},"end":{"line":85,"column":68}},"33":{"start":{"line":86,"column":16},"end":{"line":89,"column":17}},"34":{"start":{"line":87,"column":20},"end":{"line":87,"column":47}},"35":{"start":{"line":88,"column":20},"end":{"line":88,"column":39}},"36":{"start":{"line":92,"column":12},"end":{"line":92,"column":47}},"37":{"start":{"line":95,"column":12},"end":{"line":95,"column":63}},"38":{"start":{"line":98,"column":8},"end":{"line":98,"column":65}},"39":{"start":{"line":104,"column":0},"end":{"line":119,"column":3}},"40":{"start":{"line":105,"column":4},"end":{"line":118,"column":5}},"41":{"start":{"line":106,"column":22},"end":{"line":106,"column":62}},"42":{"start":{"line":107,"column":8},"end":{"line":113,"column":9}},"43":{"start":{"line":108,"column":12},"end":{"line":108,"column":42}},"44":{"start":{"line":109,"column":33},"end":{"line":109,"column":51}},"45":{"start":{"line":110,"column":12},"end":{"line":110,"column":47}},"46":{"start":{"line":112,"column":12},"end":{"line":112,"column":63}},"47":{"start":{"line":116,"column":8},"end":{"line":116,"column":27}},"48":{"start":{"line":117,"column":8},"end":{"line":117,"column":65}},"49":{"start":{"line":122,"column":0},"end":{"line":146,"column":3}},"50":{"start":{"line":123,"column":4},"end":{"line":145,"column":5}},"51":{"start":{"line":124,"column":22},"end":{"line":124,"column":62}},"52":{"start":{"line":125,"column":8},"end":{"line":141,"column":9}},"53":{"start":{"line":126,"column":28},"end":{"line":126,"column":44}},"54":{"start":{"line":127,"column":12},"end":{"line":127,"column":34}},"55":{"start":{"line":128,"column":12},"end":{"line":128,"column":31}},"56":{"start":{"line":131,"column":31},"end":{"line":131,"column":80}},"57":{"start":{"line":132,"column":26},"end":{"line":132,"column":60}},"58":{"start":{"line":133,"column":12},"end":{"line":136,"column":13}},"59":{"start":{"line":134,"column":16},"end":{"line":134,"column":45}},"60":{"start":{"line":135,"column":16},"end":{"line":135,"column":35}},"61":{"start":{"line":138,"column":12},"end":{"line":138,"column":40}},"62":{"start":{"line":140,"column":12},"end":{"line":140,"column":63}},"63":{"start":{"line":143,"column":8},"end":{"line":143,"column":27}},"64":{"start":{"line":144,"column":8},"end":{"line":144,"column":65}},"65":{"start":{"line":150,"column":0},"end":{"line":168,"column":3}},"66":{"start":{"line":151,"column":4},"end":{"line":167,"column":5}},"67":{"start":{"line":152,"column":23},"end":{"line":156,"column":49}},"68":{"start":{"line":158,"column":8},"end":{"line":163,"column":9}},"69":{"start":{"line":159,"column":12},"end":{"line":159,"column":41}},"70":{"start":{"line":161,"column":12},"end":{"line":161,"column":31}},"71":{"start":{"line":162,"column":12},"end":{"line":162,"column":64}},"72":{"start":{"line":166,"column":8},"end":{"line":166,"column":65}},"73":{"start":{"line":170,"column":0},"end":{"line":187,"column":3}},"74":{"start":{"line":171,"column":4},"end":{"line":186,"column":5}},"75":{"start":{"line":172,"column":23},"end":{"line":177,"column":71}},"76":{"start":{"line":179,"column":8},"end":{"line":183,"column":9}},"77":{"start":{"line":180,"column":12},"end":{"line":180,"column":41}},"78":{"start":{"line":182,"column":12},"end":{"line":182,"column":64}},"79":{"start":{"line":185,"column":8},"end":{"line":185,"column":65}},"80":{"start":{"line":211,"column":0},"end":{"line":228,"column":3}},"81":{"start":{"line":212,"column":4},"end":{"line":227,"column":5}},"82":{"start":{"line":213,"column":23},"end":{"line":218,"column":71}},"83":{"start":{"line":220,"column":8},"end":{"line":224,"column":9}},"84":{"start":{"line":221,"column":12},"end":{"line":221,"column":41}},"85":{"start":{"line":223,"column":12},"end":{"line":223,"column":64}},"86":{"start":{"line":226,"column":8},"end":{"line":226,"column":65}},"87":{"start":{"line":230,"column":0},"end":{"line":247,"column":3}},"88":{"start":{"line":231,"column":4},"end":{"line":246,"column":5}},"89":{"start":{"line":232,"column":23},"end":{"line":237,"column":71}},"90":{"start":{"line":239,"column":8},"end":{"line":243,"column":9}},"91":{"start":{"line":240,"column":12},"end":{"line":240,"column":41}},"92":{"start":{"line":242,"column":12},"end":{"line":242,"column":64}},"93":{"start":{"line":245,"column":8},"end":{"line":245,"column":65}},"94":{"start":{"line":250,"column":0},"end":{"line":267,"column":3}},"95":{"start":{"line":251,"column":4},"end":{"line":266,"column":5}},"96":{"start":{"line":252,"column":23},"end":{"line":257,"column":40}},"97":{"start":{"line":259,"column":8},"end":{"line":263,"column":9}},"98":{"start":{"line":260,"column":12},"end":{"line":260,"column":41}},"99":{"start":{"line":262,"column":12},"end":{"line":262,"column":64}},"100":{"start":{"line":265,"column":8},"end":{"line":265,"column":65}},"101":{"start":{"line":269,"column":0},"end":{"line":286,"column":3}},"102":{"start":{"line":270,"column":4},"end":{"line":285,"column":5}},"103":{"start":{"line":271,"column":23},"end":{"line":276,"column":40}},"104":{"start":{"line":278,"column":8},"end":{"line":282,"column":9}},"105":{"start":{"line":279,"column":12},"end":{"line":279,"column":41}},"106":{"start":{"line":281,"column":12},"end":{"line":281,"column":64}},"107":{"start":{"line":284,"column":8},"end":{"line":284,"column":65}},"108":{"start":{"line":289,"column":0},"end":{"line":305,"column":3}},"109":{"start":{"line":290,"column":4},"end":{"line":304,"column":5}},"110":{"start":{"line":291,"column":23},"end":{"line":294,"column":53}},"111":{"start":{"line":297,"column":8},"end":{"line":301,"column":9}},"112":{"start":{"line":298,"column":12},"end":{"line":298,"column":41}},"113":{"start":{"line":300,"column":12},"end":{"line":300,"column":64}},"114":{"start":{"line":303,"column":8},"end":{"line":303,"column":65}}},"fnMap":{"0":{"name":"(anonymous_0)","decl":{"start":{"line":10,"column":43},"end":{"line":10,"column":44}},"loc":{"start":{"line":10,"column":63},"end":{"line":36,"column":1}},"line":10},"1":{"name":"(anonymous_1)","decl":{"start":{"line":40,"column":45},"end":{"line":40,"column":46}},"loc":{"start":{"line":40,"column":65},"end":{"line":54,"column":1}},"line":40},"2":{"name":"(anonymous_2)","decl":{"start":{"line":74,"column":54},"end":{"line":74,"column":55}},"loc":{"start":{"line":74,"column":74},"end":{"line":100,"column":1}},"line":74},"3":{"name":"(anonymous_3)","decl":{"start":{"line":104,"column":54},"end":{"line":104,"column":55}},"loc":{"start":{"line":104,"column":74},"end":{"line":119,"column":1}},"line":104},"4":{"name":"(anonymous_4)","decl":{"start":{"line":122,"column":48},"end":{"line":122,"column":49}},"loc":{"start":{"line":122,"column":68},"end":{"line":146,"column":1}},"line":122},"5":{"name":"(anonymous_5)","decl":{"start":{"line":150,"column":50},"end":{"line":150,"column":51}},"loc":{"start":{"line":150,"column":70},"end":{"line":168,"column":1}},"line":150},"6":{"name":"(anonymous_6)","decl":{"start":{"line":170,"column":54},"end":{"line":170,"column":55}},"loc":{"start":{"line":170,"column":74},"end":{"line":187,"column":1}},"line":170},"7":{"name":"(anonymous_7)","decl":{"start":{"line":211,"column":53},"end":{"line":211,"column":54}},"loc":{"start":{"line":211,"column":73},"end":{"line":228,"column":1}},"line":211},"8":{"name":"(anonymous_8)","decl":{"start":{"line":230,"column":45},"end":{"line":230,"column":46}},"loc":{"start":{"line":230,"column":65},"end":{"line":247,"column":1}},"line":230},"9":{"name":"(anonymous_9)","decl":{"start":{"line":250,"column":53},"end":{"line":250,"column":54}},"loc":{"start":{"line":250,"column":73},"end":{"line":267,"column":1}},"line":250},"10":{"name":"(anonymous_10)","decl":{"start":{"line":269,"column":55},"end":{"line":269,"column":56}},"loc":{"start":{"line":269,"column":75},"end":{"line":286,"column":1}},"line":269},"11":{"name":"(anonymous_11)","decl":{"start":{"line":289,"column":51},"end":{"line":289,"column":52}},"loc":{"start":{"line":289,"column":71},"end":{"line":305,"column":1}},"line":289}},"branchMap":{"0":{"loc":{"start":{"line":26,"column":8},"end":{"line":31,"column":9}},"type":"if","locations":[{"start":{"line":26,"column":8},"end":{"line":31,"column":9}},{"start":{"line":29,"column":13},"end":{"line":31,"column":9}}],"line":26},"1":{"loc":{"start":{"line":44,"column":8},"end":{"line":50,"column":9}},"type":"if","locations":[{"start":{"line":44,"column":8},"end":{"line":50,"column":9}},{"start":{"line":48,"column":15},"end":{"line":50,"column":9}}],"line":44},"2":{"loc":{"start":{"line":78,"column":8},"end":{"line":96,"column":9}},"type":"if","locations":[{"start":{"line":78,"column":8},"end":{"line":96,"column":9}},{"start":{"line":94,"column":13},"end":{"line":96,"column":9}}],"line":78},"3":{"loc":{"start":{"line":83,"column":12},"end":{"line":90,"column":13}},"type":"if","locations":[{"start":{"line":83,"column":12},"end":{"line":90,"column":13}},{"start":{},"end":{}}],"line":83},"4":{"loc":{"start":{"line":83,"column":16},"end":{"line":83,"column":58}},"type":"binary-expr","locations":[{"start":{"line":83,"column":16},"end":{"line":83,"column":43}},{"start":{"line":83,"column":47},"end":{"line":83,"column":58}}],"line":83},"5":{"loc":{"start":{"line":86,"column":16},"end":{"line":89,"column":17}},"type":"if","locations":[{"start":{"line":86,"column":16},"end":{"line":89,"column":17}},{"start":{},"end":{}}],"line":86},"6":{"loc":{"start":{"line":107,"column":8},"end":{"line":113,"column":9}},"type":"if","locations":[{"start":{"line":107,"column":8},"end":{"line":113,"column":9}},{"start":{"line":111,"column":15},"end":{"line":113,"column":9}}],"line":107},"7":{"loc":{"start":{"line":125,"column":8},"end":{"line":141,"column":9}},"type":"if","locations":[{"start":{"line":125,"column":8},"end":{"line":141,"column":9}},{"start":{"line":139,"column":15},"end":{"line":141,"column":9}}],"line":125},"8":{"loc":{"start":{"line":133,"column":12},"end":{"line":136,"column":13}},"type":"if","locations":[{"start":{"line":133,"column":12},"end":{"line":136,"column":13}},{"start":{},"end":{}}],"line":133},"9":{"loc":{"start":{"line":158,"column":8},"end":{"line":163,"column":9}},"type":"if","locations":[{"start":{"line":158,"column":8},"end":{"line":163,"column":9}},{"start":{"line":160,"column":15},"end":{"line":163,"column":9}}],"line":158},"10":{"loc":{"start":{"line":179,"column":8},"end":{"line":183,"column":9}},"type":"if","locations":[{"start":{"line":179,"column":8},"end":{"line":183,"column":9}},{"start":{"line":181,"column":15},"end":{"line":183,"column":9}}],"line":179},"11":{"loc":{"start":{"line":220,"column":8},"end":{"line":224,"column":9}},"type":"if","locations":[{"start":{"line":220,"column":8},"end":{"line":224,"column":9}},{"start":{"line":222,"column":15},"end":{"line":224,"column":9}}],"line":220},"12":{"loc":{"start":{"line":239,"column":8},"end":{"line":243,"column":9}},"type":"if","locations":[{"start":{"line":239,"column":8},"end":{"line":243,"column":9}},{"start":{"line":241,"column":15},"end":{"line":243,"column":9}}],"line":239},"13":{"loc":{"start":{"line":259,"column":8},"end":{"line":263,"column":9}},"type":"if","locations":[{"start":{"line":259,"column":8},"end":{"line":263,"column":9}},{"start":{"line":261,"column":15},"end":{"line":263,"column":9}}],"line":259},"14":{"loc":{"start":{"line":278,"column":8},"end":{"line":282,"column":9}},"type":"if","locations":[{"start":{"line":278,"column":8},"end":{"line":282,"column":9}},{"start":{"line":280,"column":15},"end":{"line":282,"column":9}}],"line":278},"15":{"loc":{"start":{"line":297,"column":8},"end":{"line":301,"column":9}},"type":"if","locations":[{"start":{"line":297,"column":8},"end":{"line":301,"column":9}},{"start":{"line":299,"column":15},"end":{"line":301,"column":9}}],"line":297}},"s":{"0":1,"1":1,"2":3,"3":3,"4":3,"5":3,"6":3,"7":2,"8":2,"9":2,"10":0,"11":1,"12":1,"13":1,"14":3,"15":3,"16":3,"17":3,"18":2,"19":2,"20":2,"21":1,"22":0,"23":1,"24":5,"25":5,"26":5,"27":5,"28":4,"29":4,"30":4,"31":1,"32":1,"33":1,"34":1,"35":1,"36":4,"37":1,"38":0,"39":1,"40":0,"41":0,"42":0,"43":0,"44":0,"45":0,"46":0,"47":0,"48":0,"49":1,"50":2,"51":2,"52":2,"53":1,"54":1,"55":1,"56":1,"57":1,"58":1,"59":1,"60":1,"61":1,"62":1,"63":0,"64":0,"65":1,"66":1,"67":1,"68":1,"69":1,"70":0,"71":0,"72":0,"73":1,"74":1,"75":1,"76":1,"77":1,"78":0,"79":0,"80":1,"81":1,"82":1,"83":1,"84":1,"85":0,"86":0,"87":1,"88":1,"89":1,"90":1,"91":1,"92":0,"93":0,"94":1,"95":0,"96":0,"97":0,"98":0,"99":0,"100":0,"101":1,"102":2,"103":2,"104":2,"105":2,"106":0,"107":0,"108":1,"109":1,"110":1,"111":1,"112":1,"113":0,"114":0},"f":{"0":3,"1":3,"2":5,"3":0,"4":2,"5":1,"6":1,"7":1,"8":1,"9":0,"10":2,"11":1},"b":{"0":[2,0],"1":[2,1],"2":[4,1],"3":[1,3],"4":[4,2],"5":[1,0],"6":[0,0],"7":[1,1],"8":[1,0],"9":[1,0],"10":[1,0],"11":[1,0],"12":[1,0],"13":[0,0],"14":[2,0],"15":[1,0]},"_coverageSchema":"1a1c01bbd47fc00a2c39e90264f33305004495a9","hash":"fef1d614cce8f198d1b279de6aace12f1ff6d191"}
,"D:\\DATA VINH\\Desktop\\2025 - 2026\\hoc ki 1\\CNPM\\CNPM_FoodFastDelivery\\backend\\routes\\ResRoutes.js": {"path":"D:\\DATA VINH\\Desktop\\2025 - 2026\\hoc ki 1\\CNPM\\CNPM_FoodFastDelivery\\backend\\routes\\ResRoutes.js","statementMap":{"0":{"start":{"line":8,"column":0},"end":{"line":8,"column":16}},"1":{"start":{"line":9,"column":15},"end":{"line":9,"column":31}},"2":{"start":{"line":12,"column":0},"end":{"line":41,"column":3}},"3":{"start":{"line":13,"column":103},"end":{"line":13,"column":111}},"4":{"start":{"line":15,"column":2},"end":{"line":40,"column":3}},"5":{"start":{"line":16,"column":15},"end":{"line":16,"column":55}},"6":{"start":{"line":17,"column":4},"end":{"line":19,"column":5}},"7":{"start":{"line":18,"column":6},"end":{"line":18,"column":70}},"8":{"start":{"line":21,"column":27},"end":{"line":21,"column":58}},"9":{"start":{"line":23,"column":4},"end":{"line":33,"column":7}},"10":{"start":{"line":35,"column":4},"end":{"line":35,"column":22}},"11":{"start":{"line":36,"column":4},"end":{"line":36,"column":79}},"12":{"start":{"line":38,"column":4},"end":{"line":38,"column":31}},"13":{"start":{"line":39,"column":4},"end":{"line":39,"column":48}},"14":{"start":{"line":44,"column":0},"end":{"line":72,"column":3}},"15":{"start":{"line":45,"column":30},"end":{"line":45,"column":38}},"16":{"start":{"line":47,"column":2},"end":{"line":71,"column":3}},"17":{"start":{"line":48,"column":17},"end":{"line":48,"column":57}},"18":{"start":{"line":49,"column":4},"end":{"line":51,"column":5}},"19":{"start":{"line":50,"column":6},"end":{"line":50,"column":73}},"20":{"start":{"line":53,"column":26},"end":{"line":53,"column":71}},"21":{"start":{"line":54,"column":4},"end":{"line":56,"column":5}},"22":{"start":{"line":55,"column":6},"end":{"line":55,"column":72}},"23":{"start":{"line":58,"column":18},"end":{"line":58,"column":82}},"24":{"start":{"line":59,"column":4},"end":{"line":65,"column":7}},"25":{"start":{"line":67,"column":4},"end":{"line":67,"column":67}},"26":{"start":{"line":69,"column":4},"end":{"line":69,"column":31}},"27":{"start":{"line":70,"column":4},"end":{"line":70,"column":48}},"28":{"start":{"line":75,"column":0},"end":{"line":125,"column":3}},"29":{"start":{"line":76,"column":20},"end":{"line":76,"column":28}},"30":{"start":{"line":78,"column":2},"end":{"line":124,"column":3}},"31":{"start":{"line":79,"column":17},"end":{"line":79,"column":57}},"32":{"start":{"line":80,"column":4},"end":{"line":82,"column":5}},"33":{"start":{"line":81,"column":6},"end":{"line":81,"column":58}},"34":{"start":{"line":84,"column":24},"end":{"line":90,"column":6}},"35":{"start":{"line":92,"column":18},"end":{"line":92,"column":82}},"36":{"start":{"line":94,"column":24},"end":{"line":110,"column":5}},"37":{"start":{"line":112,"column":4},"end":{"line":120,"column":7}},"38":{"start":{"line":113,"column":6},"end":{"line":119,"column":7}},"39":{"start":{"line":114,"column":8},"end":{"line":114,"column":53}},"40":{"start":{"line":115,"column":8},"end":{"line":115,"column":60}},"41":{"start":{"line":117,"column":8},"end":{"line":117,"column":50}},"42":{"start":{"line":118,"column":8},"end":{"line":118,"column":70}},"43":{"start":{"line":122,"column":4},"end":{"line":122,"column":23}},"44":{"start":{"line":123,"column":4},"end":{"line":123,"column":48}},"45":{"start":{"line":128,"column":0},"end":{"line":144,"column":3}},"46":{"start":{"line":129,"column":20},"end":{"line":129,"column":30}},"47":{"start":{"line":130,"column":23},"end":{"line":130,"column":31}},"48":{"start":{"line":132,"column":2},"end":{"line":143,"column":3}},"49":{"start":{"line":133,"column":20},"end":{"line":133,"column":54}},"50":{"start":{"line":134,"column":15},"end":{"line":134,"column":25}},"51":{"start":{"line":136,"column":27},"end":{"line":136,"column":58}},"52":{"start":{"line":137,"column":4},"end":{"line":137,"column":86}},"53":{"start":{"line":139,"column":4},"end":{"line":139,"column":72}},"54":{"start":{"line":141,"column":4},"end":{"line":141,"column":23}},"55":{"start":{"line":142,"column":4},"end":{"line":142,"column":50}},"56":{"start":{"line":147,"column":28},"end":{"line":169,"column":1}},"57":{"start":{"line":148,"column":2},"end":{"line":168,"column":3}},"58":{"start":{"line":149,"column":18},"end":{"line":149,"column":35}},"59":{"start":{"line":150,"column":4},"end":{"line":152,"column":5}},"60":{"start":{"line":151,"column":6},"end":{"line":151,"column":82}},"61":{"start":{"line":154,"column":24},"end":{"line":154,"column":58}},"62":{"start":{"line":155,"column":24},"end":{"line":155,"column":78}},"63":{"start":{"line":157,"column":4},"end":{"line":159,"column":5}},"64":{"start":{"line":158,"column":6},"end":{"line":158,"column":79}},"65":{"start":{"line":161,"column":4},"end":{"line":161,"column":22}},"66":{"start":{"line":162,"column":4},"end":{"line":162,"column":34}},"67":{"start":{"line":163,"column":4},"end":{"line":163,"column":36}},"68":{"start":{"line":164,"column":4},"end":{"line":164,"column":11}},"69":{"start":{"line":166,"column":4},"end":{"line":166,"column":21}},"70":{"start":{"line":167,"column":4},"end":{"line":167,"column":76}},"71":{"start":{"line":174,"column":0},"end":{"line":181,"column":3}},"72":{"start":{"line":175,"column":2},"end":{"line":179,"column":5}},"73":{"start":{"line":180,"column":2},"end":{"line":180,"column":36}},"74":{"start":{"line":184,"column":0},"end":{"line":186,"column":3}},"75":{"start":{"line":185,"column":2},"end":{"line":185,"column":28}},"76":{"start":{"line":188,"column":0},"end":{"line":190,"column":3}},"77":{"start":{"line":189,"column":2},"end":{"line":189,"column":28}},"78":{"start":{"line":191,"column":0},"end":{"line":206,"column":3}},"79":{"start":{"line":192,"column":2},"end":{"line":205,"column":3}},"80":{"start":{"line":193,"column":31},"end":{"line":193,"column":41}},"81":{"start":{"line":195,"column":6},"end":{"line":197,"column":7}},"82":{"start":{"line":196,"column":10},"end":{"line":196,"column":78}},"83":{"start":{"line":201,"column":6},"end":{"line":201,"column":72}},"84":{"start":{"line":203,"column":6},"end":{"line":203,"column":54}},"85":{"start":{"line":204,"column":6},"end":{"line":204,"column":63}},"86":{"start":{"line":209,"column":0},"end":{"line":222,"column":2}},"87":{"start":{"line":210,"column":2},"end":{"line":221,"column":3}},"88":{"start":{"line":211,"column":24},"end":{"line":211,"column":102}},"89":{"start":{"line":213,"column":4},"end":{"line":215,"column":5}},"90":{"start":{"line":214,"column":6},"end":{"line":214,"column":47}},"91":{"start":{"line":216,"column":4},"end":{"line":216,"column":68}},"92":{"start":{"line":219,"column":4},"end":{"line":219,"column":52}},"93":{"start":{"line":220,"column":6},"end":{"line":220,"column":63}},"94":{"start":{"line":225,"column":0},"end":{"line":247,"column":3}},"95":{"start":{"line":226,"column":2},"end":{"line":246,"column":3}},"96":{"start":{"line":227,"column":31},"end":{"line":227,"column":41}},"97":{"start":{"line":228,"column":23},"end":{"line":228,"column":31}},"98":{"start":{"line":229,"column":6},"end":{"line":231,"column":7}},"99":{"start":{"line":230,"column":10},"end":{"line":230,"column":78}},"100":{"start":{"line":233,"column":25},"end":{"line":233,"column":69}},"101":{"start":{"line":235,"column":6},"end":{"line":237,"column":7}},"102":{"start":{"line":236,"column":10},"end":{"line":236,"column":73}},"103":{"start":{"line":239,"column":6},"end":{"line":239,"column":79}},"104":{"start":{"line":240,"column":6},"end":{"line":240,"column":30}},"105":{"start":{"line":242,"column":6},"end":{"line":242,"column":71}},"106":{"start":{"line":244,"column":6},"end":{"line":244,"column":53}},"107":{"start":{"line":245,"column":6},"end":{"line":245,"column":63}}},"fnMap":{"0":{"name":"(anonymous_0)","decl":{"start":{"line":12,"column":29},"end":{"line":12,"column":30}},"loc":{"start":{"line":12,"column":49},"end":{"line":41,"column":1}},"line":12},"1":{"name":"(anonymous_1)","decl":{"start":{"line":44,"column":25},"end":{"line":44,"column":26}},"loc":{"start":{"line":44,"column":45},"end":{"line":72,"column":1}},"line":44},"2":{"name":"(anonymous_2)","decl":{"start":{"line":75,"column":40},"end":{"line":75,"column":41}},"loc":{"start":{"line":75,"column":60},"end":{"line":125,"column":1}},"line":75},"3":{"name":"(anonymous_3)","decl":{"start":{"line":112,"column":38},"end":{"line":112,"column":39}},"loc":{"start":{"line":112,"column":55},"end":{"line":120,"column":5}},"line":112},"4":{"name":"(anonymous_4)","decl":{"start":{"line":128,"column":40},"end":{"line":128,"column":41}},"loc":{"start":{"line":128,"column":60},"end":{"line":144,"column":1}},"line":128},"5":{"name":"(anonymous_5)","decl":{"start":{"line":147,"column":28},"end":{"line":147,"column":29}},"loc":{"start":{"line":147,"column":54},"end":{"line":169,"column":1}},"line":147},"6":{"name":"(anonymous_6)","decl":{"start":{"line":174,"column":21},"end":{"line":174,"column":22}},"loc":{"start":{"line":174,"column":32},"end":{"line":181,"column":1}},"line":174},"7":{"name":"(anonymous_7)","decl":{"start":{"line":184,"column":59},"end":{"line":184,"column":60}},"loc":{"start":{"line":184,"column":73},"end":{"line":186,"column":1}},"line":184},"8":{"name":"(anonymous_8)","decl":{"start":{"line":188,"column":57},"end":{"line":188,"column":58}},"loc":{"start":{"line":188,"column":71},"end":{"line":190,"column":1}},"line":188},"9":{"name":"(anonymous_9)","decl":{"start":{"line":191,"column":45},"end":{"line":191,"column":46}},"loc":{"start":{"line":191,"column":65},"end":{"line":206,"column":1}},"line":191},"10":{"name":"(anonymous_10)","decl":{"start":{"line":209,"column":44},"end":{"line":209,"column":45}},"loc":{"start":{"line":209,"column":63},"end":{"line":222,"column":1}},"line":209},"11":{"name":"(anonymous_11)","decl":{"start":{"line":225,"column":57},"end":{"line":225,"column":58}},"loc":{"start":{"line":225,"column":77},"end":{"line":247,"column":1}},"line":225}},"branchMap":{"0":{"loc":{"start":{"line":17,"column":4},"end":{"line":19,"column":5}},"type":"if","locations":[{"start":{"line":17,"column":4},"end":{"line":19,"column":5}},{"start":{},"end":{}}],"line":17},"1":{"loc":{"start":{"line":49,"column":4},"end":{"line":51,"column":5}},"type":"if","locations":[{"start":{"line":49,"column":4},"end":{"line":51,"column":5}},{"start":{},"end":{}}],"line":49},"2":{"loc":{"start":{"line":54,"column":4},"end":{"line":56,"column":5}},"type":"if","locations":[{"start":{"line":54,"column":4},"end":{"line":56,"column":5}},{"start":{},"end":{}}],"line":54},"3":{"loc":{"start":{"line":63,"column":16},"end":{"line":63,"column":86}},"type":"cond-expr","locations":[{"start":{"line":63,"column":72},"end":{"line":63,"column":78}},{"start":{"line":63,"column":81},"end":{"line":63,"column":86}}],"line":63},"4":{"loc":{"start":{"line":64,"column":14},"end":{"line":64,"column":93}},"type":"cond-expr","locations":[{"start":{"line":64,"column":70},"end":{"line":64,"column":79}},{"start":{"line":64,"column":82},"end":{"line":64,"column":93}}],"line":64},"5":{"loc":{"start":{"line":80,"column":4},"end":{"line":82,"column":5}},"type":"if","locations":[{"start":{"line":80,"column":4},"end":{"line":82,"column":5}},{"start":{},"end":{}}],"line":80},"6":{"loc":{"start":{"line":113,"column":6},"end":{"line":119,"column":7}},"type":"if","locations":[{"start":{"line":113,"column":6},"end":{"line":119,"column":7}},{"start":{"line":116,"column":13},"end":{"line":119,"column":7}}],"line":113},"7":{"loc":{"start":{"line":150,"column":4},"end":{"line":152,"column":5}},"type":"if","locations":[{"start":{"line":150,"column":4},"end":{"line":152,"column":5}},{"start":{},"end":{}}],"line":150},"8":{"loc":{"start":{"line":157,"column":4},"end":{"line":159,"column":5}},"type":"if","locations":[{"start":{"line":157,"column":4},"end":{"line":159,"column":5}},{"start":{},"end":{}}],"line":157},"9":{"loc":{"start":{"line":178,"column":14},"end":{"line":178,"column":84}},"type":"cond-expr","locations":[{"start":{"line":178,"column":70},"end":{"line":178,"column":76}},{"start":{"line":178,"column":79},"end":{"line":178,"column":84}}],"line":178},"10":{"loc":{"start":{"line":195,"column":6},"end":{"line":197,"column":7}},"type":"if","locations":[{"start":{"line":195,"column":6},"end":{"line":197,"column":7}},{"start":{},"end":{}}],"line":195},"11":{"loc":{"start":{"line":213,"column":4},"end":{"line":215,"column":5}},"type":"if","locations":[{"start":{"line":213,"column":4},"end":{"line":215,"column":5}},{"start":{},"end":{}}],"line":213},"12":{"loc":{"start":{"line":229,"column":6},"end":{"line":231,"column":7}},"type":"if","locations":[{"start":{"line":229,"column":6},"end":{"line":231,"column":7}},{"start":{},"end":{}}],"line":229},"13":{"loc":{"start":{"line":235,"column":6},"end":{"line":237,"column":7}},"type":"if","locations":[{"start":{"line":235,"column":6},"end":{"line":237,"column":7}},{"start":{},"end":{}}],"line":235},"14":{"loc":{"start":{"line":239,"column":6},"end":{"line":239,"column":78}},"type":"cond-expr","locations":[{"start":{"line":239,"column":26},"end":{"line":239,"column":50}},{"start":{"line":239,"column":53},"end":{"line":239,"column":78}}],"line":239}},"s":{"0":1,"1":1,"2":1,"3":0,"4":0,"5":0,"6":0,"7":0,"8":0,"9":0,"10":0,"11":0,"12":0,"13":0,"14":1,"15":0,"16":0,"17":0,"18":0,"19":0,"20":0,"21":0,"22":0,"23":0,"24":0,"25":0,"26":0,"27":0,"28":1,"29":0,"30":0,"31":0,"32":0,"33":0,"34":0,"35":0,"36":0,"37":0,"38":0,"39":0,"40":0,"41":0,"42":0,"43":0,"44":0,"45":1,"46":0,"47":0,"48":0,"49":0,"50":0,"51":0,"52":0,"53":0,"54":0,"55":0,"56":1,"57":6,"58":6,"59":6,"60":2,"61":4,"62":4,"63":4,"64":0,"65":4,"66":4,"67":4,"68":4,"69":0,"70":0,"71":1,"72":0,"73":0,"74":1,"75":0,"76":1,"77":0,"78":1,"79":0,"80":0,"81":0,"82":0,"83":0,"84":0,"85":0,"86":1,"87":0,"88":0,"89":0,"90":0,"91":0,"92":0,"93":0,"94":1,"95":0,"96":0,"97":0,"98":0,"99":0,"100":0,"101":0,"102":0,"103":0,"104":0,"105":0,"106":0,"107":0},"f":{"0":0,"1":0,"2":0,"3":0,"4":0,"5":6,"6":0,"7":0,"8":0,"9":0,"10":0,"11":0},"b":{"0":[0,0],"1":[0,0],"2":[0,0],"3":[0,0],"4":[0,0],"5":[0,0],"6":[0,0],"7":[2,4],"8":[0,4],"9":[0,0],"10":[0,0],"11":[0,0],"12":[0,0],"13":[0,0],"14":[0,0]},"_coverageSchema":"1a1c01bbd47fc00a2c39e90264f33305004495a9","hash":"aab0ed248964a19f29103bca50eac9a6c176ee8c"}
,"D:\\DATA VINH\\Desktop\\2025 - 2026\\hoc ki 1\\CNPM\\CNPM_FoodFastDelivery\\backend\\routes\\UserRoutes.js": {"path":"D:\\DATA VINH\\Desktop\\2025 - 2026\\hoc ki 1\\CNPM\\CNPM_FoodFastDelivery\\backend\\routes\\UserRoutes.js","statementMap":{"0":{"start":{"line":8,"column":0},"end":{"line":8,"column":16}},"1":{"start":{"line":10,"column":15},"end":{"line":10,"column":31}},"2":{"start":{"line":13,"column":0},"end":{"line":38,"column":3}},"3":{"start":{"line":14,"column":47},"end":{"line":14,"column":55}},"4":{"start":{"line":16,"column":2},"end":{"line":37,"column":3}},"5":{"start":{"line":17,"column":15},"end":{"line":17,"column":49}},"6":{"start":{"line":18,"column":4},"end":{"line":20,"column":5}},"7":{"start":{"line":19,"column":6},"end":{"line":19,"column":70}},"8":{"start":{"line":22,"column":27},"end":{"line":22,"column":58}},"9":{"start":{"line":24,"column":4},"end":{"line":30,"column":7}},"10":{"start":{"line":32,"column":4},"end":{"line":32,"column":22}},"11":{"start":{"line":33,"column":4},"end":{"line":33,"column":79}},"12":{"start":{"line":35,"column":4},"end":{"line":35,"column":31}},"13":{"start":{"line":36,"column":4},"end":{"line":36,"column":48}},"14":{"start":{"line":41,"column":0},"end":{"line":70,"column":3}},"15":{"start":{"line":42,"column":30},"end":{"line":42,"column":38}},"16":{"start":{"line":43,"column":2},"end":{"line":43,"column":31}},"17":{"start":{"line":44,"column":2},"end":{"line":44,"column":65}},"18":{"start":{"line":45,"column":2},"end":{"line":69,"column":3}},"19":{"start":{"line":46,"column":17},"end":{"line":46,"column":51}},"20":{"start":{"line":47,"column":4},"end":{"line":49,"column":5}},"21":{"start":{"line":48,"column":6},"end":{"line":48,"column":73}},"22":{"start":{"line":51,"column":26},"end":{"line":51,"column":71}},"23":{"start":{"line":52,"column":4},"end":{"line":54,"column":5}},"24":{"start":{"line":53,"column":6},"end":{"line":53,"column":72}},"25":{"start":{"line":56,"column":18},"end":{"line":56,"column":82}},"26":{"start":{"line":57,"column":4},"end":{"line":63,"column":7}},"27":{"start":{"line":65,"column":4},"end":{"line":65,"column":67}},"28":{"start":{"line":67,"column":4},"end":{"line":67,"column":31}},"29":{"start":{"line":68,"column":4},"end":{"line":68,"column":48}},"30":{"start":{"line":73,"column":0},"end":{"line":123,"column":3}},"31":{"start":{"line":74,"column":20},"end":{"line":74,"column":28}},"32":{"start":{"line":76,"column":2},"end":{"line":122,"column":3}},"33":{"start":{"line":77,"column":17},"end":{"line":77,"column":51}},"34":{"start":{"line":78,"column":4},"end":{"line":80,"column":5}},"35":{"start":{"line":79,"column":6},"end":{"line":79,"column":58}},"36":{"start":{"line":82,"column":24},"end":{"line":88,"column":6}},"37":{"start":{"line":90,"column":18},"end":{"line":90,"column":82}},"38":{"start":{"line":92,"column":24},"end":{"line":108,"column":5}},"39":{"start":{"line":110,"column":4},"end":{"line":118,"column":7}},"40":{"start":{"line":111,"column":6},"end":{"line":117,"column":7}},"41":{"start":{"line":112,"column":8},"end":{"line":112,"column":53}},"42":{"start":{"line":113,"column":8},"end":{"line":113,"column":60}},"43":{"start":{"line":115,"column":8},"end":{"line":115,"column":50}},"44":{"start":{"line":116,"column":8},"end":{"line":116,"column":70}},"45":{"start":{"line":120,"column":4},"end":{"line":120,"column":23}},"46":{"start":{"line":121,"column":4},"end":{"line":121,"column":48}},"47":{"start":{"line":126,"column":0},"end":{"line":142,"column":3}},"48":{"start":{"line":127,"column":20},"end":{"line":127,"column":30}},"49":{"start":{"line":128,"column":23},"end":{"line":128,"column":31}},"50":{"start":{"line":130,"column":2},"end":{"line":141,"column":3}},"51":{"start":{"line":131,"column":20},"end":{"line":131,"column":54}},"52":{"start":{"line":132,"column":15},"end":{"line":132,"column":25}},"53":{"start":{"line":134,"column":27},"end":{"line":134,"column":58}},"54":{"start":{"line":135,"column":4},"end":{"line":135,"column":80}},"55":{"start":{"line":137,"column":4},"end":{"line":137,"column":72}},"56":{"start":{"line":139,"column":4},"end":{"line":139,"column":23}},"57":{"start":{"line":140,"column":4},"end":{"line":140,"column":50}},"58":{"start":{"line":145,"column":32},"end":{"line":167,"column":1}},"59":{"start":{"line":146,"column":2},"end":{"line":166,"column":3}},"60":{"start":{"line":147,"column":18},"end":{"line":147,"column":35}},"61":{"start":{"line":148,"column":4},"end":{"line":150,"column":5}},"62":{"start":{"line":149,"column":6},"end":{"line":149,"column":82}},"63":{"start":{"line":152,"column":24},"end":{"line":152,"column":58}},"64":{"start":{"line":153,"column":21},"end":{"line":153,"column":69}},"65":{"start":{"line":155,"column":4},"end":{"line":157,"column":5}},"66":{"start":{"line":156,"column":6},"end":{"line":156,"column":79}},"67":{"start":{"line":159,"column":4},"end":{"line":159,"column":22}},"68":{"start":{"line":160,"column":4},"end":{"line":160,"column":28}},"69":{"start":{"line":161,"column":4},"end":{"line":161,"column":30}},"70":{"start":{"line":162,"column":4},"end":{"line":162,"column":11}},"71":{"start":{"line":164,"column":4},"end":{"line":164,"column":21}},"72":{"start":{"line":165,"column":4},"end":{"line":165,"column":76}},"73":{"start":{"line":169,"column":0},"end":{"line":176,"column":3}},"74":{"start":{"line":170,"column":2},"end":{"line":174,"column":5}},"75":{"start":{"line":175,"column":2},"end":{"line":175,"column":36}},"76":{"start":{"line":178,"column":0},"end":{"line":188,"column":3}},"77":{"start":{"line":179,"column":2},"end":{"line":187,"column":3}},"78":{"start":{"line":180,"column":4},"end":{"line":182,"column":5}},"79":{"start":{"line":181,"column":6},"end":{"line":181,"column":65}},"80":{"start":{"line":183,"column":4},"end":{"line":183,"column":34}},"81":{"start":{"line":185,"column":4},"end":{"line":185,"column":23}},"82":{"start":{"line":186,"column":4},"end":{"line":186,"column":61}},"83":{"start":{"line":191,"column":0},"end":{"line":213,"column":3}},"84":{"start":{"line":192,"column":2},"end":{"line":192,"column":28}},"85":{"start":{"line":194,"column":2},"end":{"line":212,"column":3}},"86":{"start":{"line":195,"column":17},"end":{"line":195,"column":29}},"87":{"start":{"line":197,"column":23},"end":{"line":197,"column":92}},"88":{"start":{"line":198,"column":4},"end":{"line":198,"column":86}},"89":{"start":{"line":198,"column":21},"end":{"line":198,"column":86}},"90":{"start":{"line":200,"column":25},"end":{"line":206,"column":5}},"91":{"start":{"line":208,"column":4},"end":{"line":208,"column":27}},"92":{"start":{"line":210,"column":4},"end":{"line":210,"column":23}},"93":{"start":{"line":211,"column":4},"end":{"line":211,"column":41}}},"fnMap":{"0":{"name":"(anonymous_0)","decl":{"start":{"line":13,"column":30},"end":{"line":13,"column":31}},"loc":{"start":{"line":13,"column":50},"end":{"line":38,"column":1}},"line":13},"1":{"name":"(anonymous_1)","decl":{"start":{"line":41,"column":26},"end":{"line":41,"column":27}},"loc":{"start":{"line":41,"column":46},"end":{"line":70,"column":1}},"line":41},"2":{"name":"(anonymous_2)","decl":{"start":{"line":73,"column":41},"end":{"line":73,"column":42}},"loc":{"start":{"line":73,"column":61},"end":{"line":123,"column":1}},"line":73},"3":{"name":"(anonymous_3)","decl":{"start":{"line":110,"column":38},"end":{"line":110,"column":39}},"loc":{"start":{"line":110,"column":55},"end":{"line":118,"column":5}},"line":110},"4":{"name":"(anonymous_4)","decl":{"start":{"line":126,"column":41},"end":{"line":126,"column":42}},"loc":{"start":{"line":126,"column":61},"end":{"line":142,"column":1}},"line":126},"5":{"name":"(anonymous_5)","decl":{"start":{"line":145,"column":32},"end":{"line":145,"column":33}},"loc":{"start":{"line":145,"column":58},"end":{"line":167,"column":1}},"line":145},"6":{"name":"(anonymous_6)","decl":{"start":{"line":169,"column":26},"end":{"line":169,"column":27}},"loc":{"start":{"line":169,"column":40},"end":{"line":176,"column":1}},"line":169},"7":{"name":"(anonymous_7)","decl":{"start":{"line":178,"column":49},"end":{"line":178,"column":50}},"loc":{"start":{"line":178,"column":69},"end":{"line":188,"column":1}},"line":178},"8":{"name":"(anonymous_8)","decl":{"start":{"line":191,"column":23},"end":{"line":191,"column":24}},"loc":{"start":{"line":191,"column":43},"end":{"line":213,"column":1}},"line":191}},"branchMap":{"0":{"loc":{"start":{"line":18,"column":4},"end":{"line":20,"column":5}},"type":"if","locations":[{"start":{"line":18,"column":4},"end":{"line":20,"column":5}},{"start":{},"end":{}}],"line":18},"1":{"loc":{"start":{"line":47,"column":4},"end":{"line":49,"column":5}},"type":"if","locations":[{"start":{"line":47,"column":4},"end":{"line":49,"column":5}},{"start":{},"end":{}}],"line":47},"2":{"loc":{"start":{"line":52,"column":4},"end":{"line":54,"column":5}},"type":"if","locations":[{"start":{"line":52,"column":4},"end":{"line":54,"column":5}},{"start":{},"end":{}}],"line":52},"3":{"loc":{"start":{"line":61,"column":16},"end":{"line":61,"column":86}},"type":"cond-expr","locations":[{"start":{"line":61,"column":72},"end":{"line":61,"column":78}},{"start":{"line":61,"column":81},"end":{"line":61,"column":86}}],"line":61},"4":{"loc":{"start":{"line":62,"column":14},"end":{"line":62,"column":93}},"type":"cond-expr","locations":[{"start":{"line":62,"column":70},"end":{"line":62,"column":79}},{"start":{"line":62,"column":82},"end":{"line":62,"column":93}}],"line":62},"5":{"loc":{"start":{"line":78,"column":4},"end":{"line":80,"column":5}},"type":"if","locations":[{"start":{"line":78,"column":4},"end":{"line":80,"column":5}},{"start":{},"end":{}}],"line":78},"6":{"loc":{"start":{"line":111,"column":6},"end":{"line":117,"column":7}},"type":"if","locations":[{"start":{"line":111,"column":6},"end":{"line":117,"column":7}},{"start":{"line":114,"column":13},"end":{"line":117,"column":7}}],"line":111},"7":{"loc":{"start":{"line":148,"column":4},"end":{"line":150,"column":5}},"type":"if","locations":[{"start":{"line":148,"column":4},"end":{"line":150,"column":5}},{"start":{},"end":{}}],"line":148},"8":{"loc":{"start":{"line":155,"column":4},"end":{"line":157,"column":5}},"type":"if","locations":[{"start":{"line":155,"column":4},"end":{"line":157,"column":5}},{"start":{},"end":{}}],"line":155},"9":{"loc":{"start":{"line":173,"column":14},"end":{"line":173,"column":84}},"type":"cond-expr","locations":[{"start":{"line":173,"column":70},"end":{"line":173,"column":76}},{"start":{"line":173,"column":79},"end":{"line":173,"column":84}}],"line":173},"10":{"loc":{"start":{"line":180,"column":4},"end":{"line":182,"column":5}},"type":"if","locations":[{"start":{"line":180,"column":4},"end":{"line":182,"column":5}},{"start":{},"end":{}}],"line":180},"11":{"loc":{"start":{"line":198,"column":4},"end":{"line":198,"column":86}},"type":"if","locations":[{"start":{"line":198,"column":4},"end":{"line":198,"column":86}},{"start":{},"end":{}}],"line":198}},"s":{"0":1,"1":1,"2":1,"3":0,"4":0,"5":0,"6":0,"7":0,"8":0,"9":0,"10":0,"11":0,"12":0,"13":0,"14":1,"15":0,"16":0,"17":0,"18":0,"19":0,"20":0,"21":0,"22":0,"23":0,"24":0,"25":0,"26":0,"27":0,"28":0,"29":0,"30":1,"31":0,"32":0,"33":0,"34":0,"35":0,"36":0,"37":0,"38":0,"39":0,"40":0,"41":0,"42":0,"43":0,"44":0,"45":0,"46":0,"47":1,"48":0,"49":0,"50":0,"51":0,"52":0,"53":0,"54":0,"55":0,"56":0,"57":0,"58":1,"59":6,"60":6,"61":6,"62":2,"63":4,"64":4,"65":4,"66":0,"67":4,"68":4,"69":4,"70":4,"71":0,"72":0,"73":1,"74":0,"75":0,"76":1,"77":0,"78":0,"79":0,"80":0,"81":0,"82":0,"83":1,"84":0,"85":0,"86":0,"87":0,"88":0,"89":0,"90":0,"91":0,"92":0,"93":0},"f":{"0":0,"1":0,"2":0,"3":0,"4":0,"5":6,"6":0,"7":0,"8":0},"b":{"0":[0,0],"1":[0,0],"2":[0,0],"3":[0,0],"4":[0,0],"5":[0,0],"6":[0,0],"7":[2,4],"8":[0,4],"9":[0,0],"10":[0,0],"11":[0,0]},"_coverageSchema":"1a1c01bbd47fc00a2c39e90264f33305004495a9","hash":"b906131f7f9d385e3a5587562aa5cb0675ee7f92"}
}
