TN:
SF:Controllers\payment.js
FN:13,(anonymous_0)
FN:18,(anonymous_1)
FN:43,(anonymous_2)
FN:69,(anonymous_3)
FN:82,(anonymous_4)
FNF:5
FNH:5
FNDA:1,(anonymous_0)
FNDA:2,(anonymous_1)
FNDA:1,(anonymous_2)
FNDA:1,(anonymous_3)
FNDA:1,(anonymous_4)
DA:5,1
DA:7,1
DA:13,1
DA:14,1
DA:15,1
DA:16,1
DA:18,2
DA:19,1
DA:20,1
DA:26,1
DA:28,1
DA:37,0
DA:38,0
DA:43,1
DA:52,1
DA:54,1
DA:65,1
DA:69,1
DA:70,1
DA:71,1
DA:72,1
DA:73,1
DA:74,1
DA:76,0
DA:77,0
DA:82,1
DA:83,1
DA:84,1
DA:85,1
DA:87,0
DA:88,0
LF:31
LH:25
BRF:0
BRH:0
end_of_record
TN:
SF:models\ResModel.js
FNF:0
FNH:0
DA:3,1
DA:5,1
DA:28,1
LF:3
LH:3
BRF:0
BRH:0
end_of_record
TN:
SF:models\UserModel.js
FNF:0
FNH:0
DA:3,2
DA:5,2
DA:13,2
LF:3
LH:3
BRF:0
BRH:0
end_of_record
TN:
SF:routes\ResRoutes.js
FN:11,(anonymous_0)
FN:43,(anonymous_1)
FN:68,(anonymous_2)
FN:105,(anonymous_3)
FN:121,(anonymous_4)
FN:140,(anonymous_5)
FN:167,(anonymous_6)
FN:173,(anonymous_7)
FN:177,(anonymous_8)
FN:180,(anonymous_9)
FN:198,(anonymous_10)
FN:214,(anonymous_11)
FNF:12
FNH:5
FNDA:2,(anonymous_0)
FNDA:3,(anonymous_1)
FNDA:0,(anonymous_2)
FNDA:0,(anonymous_3)
FNDA:0,(anonymous_4)
FNDA:3,(anonymous_5)
FNDA:1,(anonymous_6)
FNDA:0,(anonymous_7)
FNDA:0,(anonymous_8)
FNDA:0,(anonymous_9)
FNDA:0,(anonymous_10)
FNDA:3,(anonymous_11)
DA:8,1
DA:11,1
DA:12,2
DA:14,2
DA:15,2
DA:16,2
DA:17,1
DA:20,1
DA:22,1
DA:34,1
DA:35,1
DA:37,0
DA:38,0
DA:43,1
DA:44,3
DA:46,3
DA:47,3
DA:48,3
DA:49,1
DA:52,2
DA:53,2
DA:54,1
DA:57,1
DA:58,1
DA:60,1
DA:62,0
DA:63,0
DA:68,1
DA:69,0
DA:71,0
DA:72,0
DA:73,0
DA:74,0
DA:77,0
DA:85,0
DA:87,0
DA:105,0
DA:106,0
DA:107,0
DA:108,0
DA:110,0
DA:111,0
DA:115,0
DA:116,0
DA:121,1
DA:122,0
DA:123,0
DA:125,0
DA:126,0
DA:127,0
DA:129,0
DA:130,0
DA:132,0
DA:134,0
DA:135,0
DA:140,1
DA:141,3
DA:142,3
DA:143,3
DA:144,0
DA:147,3
DA:148,3
DA:150,3
DA:151,0
DA:154,3
DA:155,3
DA:156,3
DA:157,3
DA:159,0
DA:160,0
DA:167,1
DA:168,1
DA:169,1
DA:173,1
DA:174,0
DA:177,1
DA:178,0
DA:180,1
DA:181,0
DA:182,0
DA:184,0
DA:185,0
DA:190,0
DA:192,0
DA:193,0
DA:198,1
DA:199,0
DA:200,0
DA:202,0
DA:203,0
DA:205,0
DA:208,0
DA:209,0
DA:214,1
DA:215,3
DA:216,3
DA:217,3
DA:218,3
DA:219,0
DA:222,3
DA:224,3
DA:225,1
DA:228,2
DA:229,2
DA:231,2
DA:233,0
DA:234,0
LF:107
LH:54
BRDA:16,0,0,1
BRDA:16,0,1,1
BRDA:48,1,0,1
BRDA:48,1,1,2
BRDA:53,2,0,1
BRDA:53,2,1,1
BRDA:73,3,0,0
BRDA:73,3,1,0
BRDA:106,4,0,0
BRDA:106,4,1,0
BRDA:143,5,0,0
BRDA:143,5,1,3
BRDA:150,6,0,0
BRDA:150,6,1,3
BRDA:184,7,0,0
BRDA:184,7,1,0
BRDA:202,8,0,0
BRDA:202,8,1,0
BRDA:218,9,0,0
BRDA:218,9,1,3
BRDA:224,10,0,1
BRDA:224,10,1,2
BRDA:228,11,0,1
BRDA:228,11,1,1
BRF:24
BRH:13
end_of_record
TN:
SF:routes\UserRoutes.js
FN:11,(anonymous_0)
FN:39,(anonymous_1)
FN:64,(anonymous_2)
FN:101,(anonymous_3)
FN:117,(anonymous_4)
FN:136,(anonymous_5)
FN:160,(anonymous_6)
FN:166,(anonymous_7)
FN:179,(anonymous_8)
FNF:9
FNH:0
FNDA:0,(anonymous_0)
FNDA:0,(anonymous_1)
FNDA:0,(anonymous_2)
FNDA:0,(anonymous_3)
FNDA:0,(anonymous_4)
FNDA:0,(anonymous_5)
FNDA:0,(anonymous_6)
FNDA:0,(anonymous_7)
FNDA:0,(anonymous_8)
DA:8,1
DA:11,1
DA:12,0
DA:14,0
DA:15,0
DA:16,0
DA:17,0
DA:20,0
DA:22,0
DA:30,0
DA:31,0
DA:33,0
DA:34,0
DA:39,1
DA:40,0
DA:41,0
DA:42,0
DA:43,0
DA:44,0
DA:45,0
DA:48,0
DA:49,0
DA:50,0
DA:53,0
DA:54,0
DA:56,0
DA:58,0
DA:59,0
DA:64,1
DA:65,0
DA:67,0
DA:68,0
DA:69,0
DA:70,0
DA:73,0
DA:81,0
DA:83,0
DA:101,0
DA:102,0
DA:103,0
DA:104,0
DA:106,0
DA:107,0
DA:111,0
DA:112,0
DA:117,1
DA:118,0
DA:119,0
DA:121,0
DA:122,0
DA:123,0
DA:125,0
DA:126,0
DA:128,0
DA:130,0
DA:131,0
DA:136,1
DA:137,0
DA:138,0
DA:139,0
DA:140,0
DA:143,0
DA:144,0
DA:146,0
DA:147,0
DA:150,0
DA:151,0
DA:152,0
DA:153,0
DA:155,0
DA:156,0
DA:160,1
DA:161,0
DA:162,0
DA:166,1
DA:167,0
DA:168,0
DA:169,0
DA:171,0
DA:173,0
DA:174,0
DA:179,1
DA:180,0
DA:182,0
DA:183,0
DA:185,0
DA:186,0
DA:188,0
DA:196,0
DA:198,0
DA:199,0
LF:91
LH:9
BRDA:16,0,0,0
BRDA:16,0,1,0
BRDA:44,1,0,0
BRDA:44,1,1,0
BRDA:49,2,0,0
BRDA:49,2,1,0
BRDA:69,3,0,0
BRDA:69,3,1,0
BRDA:102,4,0,0
BRDA:102,4,1,0
BRDA:139,5,0,0
BRDA:139,5,1,0
BRDA:146,6,0,0
BRDA:146,6,1,0
BRDA:168,7,0,0
BRDA:168,7,1,0
BRDA:186,8,0,0
BRDA:186,8,1,0
BRF:18
BRH:0
end_of_record
