TN:
SF:models\DelAddressModel.js
FNF:0
FNH:0
DA:3,1
DA:5,1
DA:26,1
LF:3
LH:3
BRF:0
BRH:0
end_of_record
TN:
SF:models\DelModel.js
FNF:0
FNH:0
DA:2,1
DA:4,1
DA:16,1
LF:3
LH:3
BRF:0
BRH:0
end_of_record
TN:
SF:models\DroneModel.js
FNF:0
FNH:0
DA:4,1
DA:45,1
LF:2
LH:2
BRF:0
BRH:0
end_of_record
TN:
SF:models\OrderModel.js
FNF:0
FNH:0
DA:3,1
DA:5,1
DA:65,1
LF:3
LH:3
BRF:0
BRH:0
end_of_record
TN:
SF:models\PaymentModel.js
FNF:0
FNH:0
DA:3,1
DA:8,1
LF:2
LH:2
BRF:0
BRH:0
end_of_record
TN:
SF:models\ResModel.js
FNF:0
FNH:0
DA:3,1
DA:5,1
DA:28,1
LF:3
LH:3
BRF:0
BRH:0
end_of_record
TN:
SF:models\UserModel.js
FNF:0
FNH:0
DA:3,1
DA:5,1
DA:13,1
LF:3
LH:3
BRF:0
BRH:0
end_of_record
TN:
SF:routes\DelRoutes.js
FN:12,(anonymous_0)
FN:45,(anonymous_1)
FN:77,(anonymous_2)
FN:115,(anonymous_3)
FN:131,(anonymous_4)
FN:150,(anonymous_5)
FN:175,(anonymous_6)
FN:185,(anonymous_7)
FN:197,(anonymous_8)
FNF:9
FNH:1
FNDA:0,(anonymous_0)
FNDA:0,(anonymous_1)
FNDA:0,(anonymous_2)
FNDA:0,(anonymous_3)
FNDA:0,(anonymous_4)
FNDA:13,(anonymous_5)
FNDA:0,(anonymous_6)
FNDA:0,(anonymous_7)
FNDA:0,(anonymous_8)
DA:7,1
DA:9,1
DA:12,1
DA:14,0
DA:16,0
DA:17,0
DA:18,0
DA:19,0
DA:22,0
DA:24,0
DA:36,0
DA:37,0
DA:39,0
DA:40,0
DA:45,1
DA:46,0
DA:48,0
DA:49,0
DA:50,0
DA:51,0
DA:54,0
DA:55,0
DA:56,0
DA:59,0
DA:60,0
DA:68,0
DA:70,0
DA:71,0
DA:77,1
DA:78,0
DA:80,0
DA:81,0
DA:82,0
DA:83,0
DA:86,0
DA:94,0
DA:96,0
DA:115,0
DA:116,0
DA:117,0
DA:118,0
DA:120,0
DA:121,0
DA:125,0
DA:126,0
DA:131,1
DA:132,0
DA:133,0
DA:135,0
DA:136,0
DA:137,0
DA:139,0
DA:140,0
DA:142,0
DA:144,0
DA:145,0
DA:150,1
DA:151,13
DA:152,13
DA:153,13
DA:154,1
DA:157,12
DA:158,12
DA:160,12
DA:161,0
DA:164,12
DA:165,12
DA:166,12
DA:167,12
DA:169,0
DA:170,0
DA:175,1
DA:176,0
DA:181,0
DA:185,1
DA:186,0
DA:187,0
DA:188,0
DA:190,0
DA:192,0
DA:193,0
DA:197,1
DA:198,0
DA:199,0
DA:200,0
DA:202,0
DA:204,0
DA:205,0
LF:88
LH:21
BRDA:18,0,0,0
BRDA:18,0,1,0
BRDA:50,1,0,0
BRDA:50,1,1,0
BRDA:55,2,0,0
BRDA:55,2,1,0
BRDA:64,3,0,0
BRDA:64,3,1,0
BRDA:65,4,0,0
BRDA:65,4,1,0
BRDA:82,5,0,0
BRDA:82,5,1,0
BRDA:116,6,0,0
BRDA:116,6,1,0
BRDA:153,7,0,1
BRDA:153,7,1,12
BRDA:160,8,0,0
BRDA:160,8,1,12
BRDA:179,9,0,0
BRDA:179,9,1,0
BRDA:187,10,0,0
BRDA:187,10,1,0
BRDA:199,11,0,0
BRDA:199,11,1,0
BRF:24
BRH:3
end_of_record
TN:
SF:routes\OrderRoutes.js
FN:10,(anonymous_0)
FN:40,(anonymous_1)
FN:74,(anonymous_2)
FN:104,(anonymous_3)
FN:122,(anonymous_4)
FN:150,(anonymous_5)
FN:170,(anonymous_6)
FN:211,(anonymous_7)
FN:230,(anonymous_8)
FN:250,(anonymous_9)
FN:269,(anonymous_10)
FN:289,(anonymous_11)
FNF:12
FNH:10
FNDA:3,(anonymous_0)
FNDA:3,(anonymous_1)
FNDA:5,(anonymous_2)
FNDA:0,(anonymous_3)
FNDA:2,(anonymous_4)
FNDA:1,(anonymous_5)
FNDA:1,(anonymous_6)
FNDA:1,(anonymous_7)
FNDA:1,(anonymous_8)
FNDA:0,(anonymous_9)
FNDA:2,(anonymous_10)
FNDA:1,(anonymous_11)
DA:7,1
DA:10,1
DA:12,3
DA:13,3
DA:14,3
DA:15,3
DA:24,3
DA:25,2
DA:26,2
DA:27,2
DA:30,0
DA:33,1
DA:34,1
DA:40,1
DA:41,3
DA:42,3
DA:43,3
DA:44,3
DA:45,2
DA:46,2
DA:47,2
DA:49,1
DA:52,0
DA:74,1
DA:75,5
DA:76,5
DA:77,5
DA:78,5
DA:79,4
DA:80,4
DA:83,4
DA:84,1
DA:85,1
DA:86,1
DA:87,1
DA:88,1
DA:92,4
DA:95,1
DA:98,0
DA:104,1
DA:105,0
DA:106,0
DA:107,0
DA:108,0
DA:109,0
DA:110,0
DA:112,0
DA:116,0
DA:117,0
DA:122,1
DA:123,2
DA:124,2
DA:125,2
DA:126,1
DA:127,1
DA:128,1
DA:131,1
DA:132,1
DA:133,1
DA:134,1
DA:135,1
DA:138,1
DA:140,1
DA:143,0
DA:144,0
DA:150,1
DA:151,1
DA:152,1
DA:158,1
DA:159,1
DA:161,0
DA:162,0
DA:166,0
DA:170,1
DA:171,1
DA:172,1
DA:179,1
DA:180,1
DA:182,0
DA:185,0
DA:211,1
DA:212,1
DA:213,1
DA:220,1
DA:221,1
DA:223,0
DA:226,0
DA:230,1
DA:231,1
DA:232,1
DA:239,1
DA:240,1
DA:242,0
DA:245,0
DA:250,1
DA:251,0
DA:252,0
DA:259,0
DA:260,0
DA:262,0
DA:265,0
DA:269,1
DA:270,2
DA:271,2
DA:278,2
DA:279,2
DA:281,0
DA:284,0
DA:289,1
DA:290,1
DA:291,1
DA:297,1
DA:298,1
DA:300,0
DA:303,0
LF:115
LH:82
BRDA:26,0,0,2
BRDA:26,0,1,0
BRDA:44,1,0,2
BRDA:44,1,1,1
BRDA:78,2,0,4
BRDA:78,2,1,1
BRDA:83,3,0,1
BRDA:83,3,1,3
BRDA:83,4,0,4
BRDA:83,4,1,2
BRDA:86,5,0,1
BRDA:86,5,1,0
BRDA:107,6,0,0
BRDA:107,6,1,0
BRDA:125,7,0,1
BRDA:125,7,1,1
BRDA:133,8,0,1
BRDA:133,8,1,0
BRDA:158,9,0,1
BRDA:158,9,1,0
BRDA:179,10,0,1
BRDA:179,10,1,0
BRDA:220,11,0,1
BRDA:220,11,1,0
BRDA:239,12,0,1
BRDA:239,12,1,0
BRDA:259,13,0,0
BRDA:259,13,1,0
BRDA:278,14,0,2
BRDA:278,14,1,0
BRDA:297,15,0,1
BRDA:297,15,1,0
BRF:32
BRH:19
end_of_record
TN:
SF:routes\ResRoutes.js
FN:12,(anonymous_0)
FN:44,(anonymous_1)
FN:75,(anonymous_2)
FN:112,(anonymous_3)
FN:128,(anonymous_4)
FN:147,(anonymous_5)
FN:174,(anonymous_6)
FN:184,(anonymous_7)
FN:188,(anonymous_8)
FN:191,(anonymous_9)
FN:209,(anonymous_10)
FN:225,(anonymous_11)
FNF:12
FNH:1
FNDA:0,(anonymous_0)
FNDA:0,(anonymous_1)
FNDA:0,(anonymous_2)
FNDA:0,(anonymous_3)
FNDA:0,(anonymous_4)
FNDA:6,(anonymous_5)
FNDA:0,(anonymous_6)
FNDA:0,(anonymous_7)
FNDA:0,(anonymous_8)
FNDA:0,(anonymous_9)
FNDA:0,(anonymous_10)
FNDA:0,(anonymous_11)
DA:8,1
DA:9,1
DA:12,1
DA:13,0
DA:15,0
DA:16,0
DA:17,0
DA:18,0
DA:21,0
DA:23,0
DA:35,0
DA:36,0
DA:38,0
DA:39,0
DA:44,1
DA:45,0
DA:47,0
DA:48,0
DA:49,0
DA:50,0
DA:53,0
DA:54,0
DA:55,0
DA:58,0
DA:59,0
DA:67,0
DA:69,0
DA:70,0
DA:75,1
DA:76,0
DA:78,0
DA:79,0
DA:80,0
DA:81,0
DA:84,0
DA:92,0
DA:94,0
DA:112,0
DA:113,0
DA:114,0
DA:115,0
DA:117,0
DA:118,0
DA:122,0
DA:123,0
DA:128,1
DA:129,0
DA:130,0
DA:132,0
DA:133,0
DA:134,0
DA:136,0
DA:137,0
DA:139,0
DA:141,0
DA:142,0
DA:147,1
DA:148,6
DA:149,6
DA:150,6
DA:151,2
DA:154,4
DA:155,4
DA:157,4
DA:158,0
DA:161,4
DA:162,4
DA:163,4
DA:164,4
DA:166,0
DA:167,0
DA:174,1
DA:175,0
DA:180,0
DA:184,1
DA:185,0
DA:188,1
DA:189,0
DA:191,1
DA:192,0
DA:193,0
DA:195,0
DA:196,0
DA:201,0
DA:203,0
DA:204,0
DA:209,1
DA:210,0
DA:211,0
DA:213,0
DA:214,0
DA:216,0
DA:219,0
DA:220,0
DA:225,1
DA:226,0
DA:227,0
DA:228,0
DA:229,0
DA:230,0
DA:233,0
DA:235,0
DA:236,0
DA:239,0
DA:240,0
DA:242,0
DA:244,0
DA:245,0
LF:108
LH:24
BRDA:17,0,0,0
BRDA:17,0,1,0
BRDA:49,1,0,0
BRDA:49,1,1,0
BRDA:54,2,0,0
BRDA:54,2,1,0
BRDA:63,3,0,0
BRDA:63,3,1,0
BRDA:64,4,0,0
BRDA:64,4,1,0
BRDA:80,5,0,0
BRDA:80,5,1,0
BRDA:113,6,0,0
BRDA:113,6,1,0
BRDA:150,7,0,2
BRDA:150,7,1,4
BRDA:157,8,0,0
BRDA:157,8,1,4
BRDA:178,9,0,0
BRDA:178,9,1,0
BRDA:195,10,0,0
BRDA:195,10,1,0
BRDA:213,11,0,0
BRDA:213,11,1,0
BRDA:229,12,0,0
BRDA:229,12,1,0
BRDA:235,13,0,0
BRDA:235,13,1,0
BRDA:239,14,0,0
BRDA:239,14,1,0
BRF:30
BRH:3
end_of_record
TN:
SF:routes\UserRoutes.js
FN:13,(anonymous_0)
FN:41,(anonymous_1)
FN:73,(anonymous_2)
FN:110,(anonymous_3)
FN:126,(anonymous_4)
FN:145,(anonymous_5)
FN:169,(anonymous_6)
FN:178,(anonymous_7)
FN:191,(anonymous_8)
FNF:9
FNH:1
FNDA:0,(anonymous_0)
FNDA:0,(anonymous_1)
FNDA:0,(anonymous_2)
FNDA:0,(anonymous_3)
FNDA:0,(anonymous_4)
FNDA:6,(anonymous_5)
FNDA:0,(anonymous_6)
FNDA:0,(anonymous_7)
FNDA:0,(anonymous_8)
DA:8,1
DA:10,1
DA:13,1
DA:14,0
DA:16,0
DA:17,0
DA:18,0
DA:19,0
DA:22,0
DA:24,0
DA:32,0
DA:33,0
DA:35,0
DA:36,0
DA:41,1
DA:42,0
DA:43,0
DA:44,0
DA:45,0
DA:46,0
DA:47,0
DA:48,0
DA:51,0
DA:52,0
DA:53,0
DA:56,0
DA:57,0
DA:65,0
DA:67,0
DA:68,0
DA:73,1
DA:74,0
DA:76,0
DA:77,0
DA:78,0
DA:79,0
DA:82,0
DA:90,0
DA:92,0
DA:110,0
DA:111,0
DA:112,0
DA:113,0
DA:115,0
DA:116,0
DA:120,0
DA:121,0
DA:126,1
DA:127,0
DA:128,0
DA:130,0
DA:131,0
DA:132,0
DA:134,0
DA:135,0
DA:137,0
DA:139,0
DA:140,0
DA:145,1
DA:146,6
DA:147,6
DA:148,6
DA:149,2
DA:152,4
DA:153,4
DA:155,4
DA:156,0
DA:159,4
DA:160,4
DA:161,4
DA:162,4
DA:164,0
DA:165,0
DA:169,1
DA:170,0
DA:175,0
DA:178,1
DA:179,0
DA:180,0
DA:181,0
DA:183,0
DA:185,0
DA:186,0
DA:191,1
DA:192,0
DA:194,0
DA:195,0
DA:197,0
DA:198,0
DA:200,0
DA:208,0
DA:210,0
DA:211,0
LF:93
LH:21
BRDA:18,0,0,0
BRDA:18,0,1,0
BRDA:47,1,0,0
BRDA:47,1,1,0
BRDA:52,2,0,0
BRDA:52,2,1,0
BRDA:61,3,0,0
BRDA:61,3,1,0
BRDA:62,4,0,0
BRDA:62,4,1,0
BRDA:78,5,0,0
BRDA:78,5,1,0
BRDA:111,6,0,0
BRDA:111,6,1,0
BRDA:148,7,0,2
BRDA:148,7,1,4
BRDA:155,8,0,0
BRDA:155,8,1,4
BRDA:173,9,0,0
BRDA:173,9,1,0
BRDA:180,10,0,0
BRDA:180,10,1,0
BRDA:198,11,0,0
BRDA:198,11,1,0
BRF:24
BRH:3
end_of_record
